CMSIS_AGDI.DLL - CMSIS-DAP Driver Log

23:28:56:331 (14/05/2023) - WRITE DP  Access, Addr 0x00000008, Val 0x00000000, "DAP Write DP - Success" - ID 0
23:28:56:333 (14/05/2023) - WRITE DP  Access, Addr 0x00000004, Val 0x50000000, "DAP Write DP - Success" - ID 1
23:28:56:334 (14/05/2023) - READ  DP  Access, Addr 0x00000004, Val 0xF0000040, "DAP Read DP - Success" - ID 2
23:28:56:336 (14/05/2023) - WRITE DP  Access, Addr 0x00000000, Val 0x0000001E, "DAP Write DP - Success" - ID 3
23:28:56:338 (14/05/2023) - WRITE DP  Access, Addr 0x00000004, Val 0x50000F00, "DAP Write DP - Success" - ID 4
23:28:56:343 (14/05/2023) - READ  AP  Access, AP 0x00000000, Addr 0x000000FC, Val 0x24770011, "DAP Read AP - Success" - ID 5
23:28:56:343 (14/05/2023) - READ  AP  Access, AP 0x00000000, Addr 0x000000FC, Val 0x24770011, "SWD Read AP - Success" - ID 6
23:28:56:354 (14/05/2023) - WRITE AP  Access, AP 0x00000000, Addr 0x00000000, Val 0x23000052, "DAP Write AP - Success" - ID 7
23:28:56:359 (14/05/2023) - READ  AP  Access, AP 0x00000000, Addr 0x000000F8, Val 0xE00FF003, "DAP Read AP - Success" - ID 8
23:28:56:367 (14/05/2023) - READ  MEM BLOCK Access, AP 0x00000000, Start Addr 0xE00FFFF0, End Addr 0xE00FFFFF, "DAP Read Memory Block - Success" - ID 9
  Item #0, AP 0, Addr 0xE00FFFF0, Value 0x0000000D
  Item #1, AP 0, Addr 0xE00FFFF4, Value 0x00000010
  Item #2, AP 0, Addr 0xE00FFFF8, Value 0x00000005
  Item #3, AP 0, Addr 0xE00FFFFC, Value 0x000000B1
23:28:56:373 (14/05/2023) - READ  MEM BLOCK Access, AP 0x00000000, Start Addr 0xE00FFFD0, End Addr 0xE00FFFEF, "DAP Read Memory Block - Success" - ID 10
  Item #0, AP 0, Addr 0xE00FFFD0, Value 0x00000007
  Item #1, AP 0, Addr 0xE00FFFD4, Value 0x00000000
  Item #2, AP 0, Addr 0xE00FFFD8, Value 0x00000000
  Item #3, AP 0, Addr 0xE00FFFDC, Value 0x00000000
  Item #4, AP 0, Addr 0xE00FFFE0, Value 0x000000A1
  Item #5, AP 0, Addr 0xE00FFFE4, Value 0x00000015
  Item #6, AP 0, Addr 0xE00FFFE8, Value 0x0000000D
  Item #7, AP 0, Addr 0xE00FFFEC, Value 0x00000000
23:28:56:373 (14/05/2023) - ROM TABLE: Detected Unknown ROM Table at address 0xE00FF000 (PID 0x00000007000D15A1, CID 0xB105100D)
23:28:56:375 (14/05/2023) - READ  MEM Access, AP 0x00000000, Addr 0xE00FF000, Val 0xFFF0F003, "DAP Read Memory (32 bit) - Success" - ID 11
23:28:56:381 (14/05/2023) - READ  MEM BLOCK Access, AP 0x00000000, Start Addr 0xE000EFF0, End Addr 0xE000EFFF, "DAP Read Memory Block - Success" - ID 12
  Item #0, AP 0, Addr 0xE000EFF0, Value 0x0000000D
  Item #1, AP 0, Addr 0xE000EFF4, Value 0x000000E0
  Item #2, AP 0, Addr 0xE000EFF8, Value 0x00000005
  Item #3, AP 0, Addr 0xE000EFFC, Value 0x000000B1
23:28:56:386 (14/05/2023) - READ  MEM BLOCK Access, AP 0x00000000, Start Addr 0xE000EFD0, End Addr 0xE000EFEF, "DAP Read Memory Block - Success" - ID 13
  Item #0, AP 0, Addr 0xE000EFD0, Value 0x00000004
  Item #1, AP 0, Addr 0xE000EFD4, Value 0x00000000
  Item #2, AP 0, Addr 0xE000EFD8, Value 0x00000000
  Item #3, AP 0, Addr 0xE000EFDC, Value 0x00000000
  Item #4, AP 0, Addr 0xE000EFE0, Value 0x0000000C
  Item #5, AP 0, Addr 0xE000EFE4, Value 0x000000B0
  Item #6, AP 0, Addr 0xE000EFE8, Value 0x0000000B
  Item #7, AP 0, Addr 0xE000EFEC, Value 0x00000000
23:28:56:388 (14/05/2023) - WRITE MEM Access, AP 0x00000000, Addr 0xE000EDFC, Val 0x01000000, "DAP Write Memory (32 bit) - Success" - ID 14
23:28:56:388 (14/05/2023) - ROM TABLE: Detected SCS (ARMv7-M with FP Extension) at address 0xE000E000 (PID 0x00000004000BB00C, CID 0xB105E00D)
23:28:56:390 (14/05/2023) - READ  MEM Access, AP 0x00000000, Addr 0xE00FF004, Val 0xFFF02003, "DAP Read Memory (32 bit) - Success" - ID 15
23:28:56:396 (14/05/2023) - READ  MEM BLOCK Access, AP 0x00000000, Start Addr 0xE0001FF0, End Addr 0xE0001FFF, "DAP Read Memory Block - Success" - ID 16
  Item #0, AP 0, Addr 0xE0001FF0, Value 0x0000000D
  Item #1, AP 0, Addr 0xE0001FF4, Value 0x000000E0
  Item #2, AP 0, Addr 0xE0001FF8, Value 0x00000005
  Item #3, AP 0, Addr 0xE0001FFC, Value 0x000000B1
23:28:56:402 (14/05/2023) - READ  MEM BLOCK Access, AP 0x00000000, Start Addr 0xE0001FD0, End Addr 0xE0001FEF, "DAP Read Memory Block - Success" - ID 17
  Item #0, AP 0, Addr 0xE0001FD0, Value 0x00000004
  Item #1, AP 0, Addr 0xE0001FD4, Value 0x00000000
  Item #2, AP 0, Addr 0xE0001FD8, Value 0x00000000
  Item #3, AP 0, Addr 0xE0001FDC, Value 0x00000000
  Item #4, AP 0, Addr 0xE0001FE0, Value 0x00000002
  Item #5, AP 0, Addr 0xE0001FE4, Value 0x000000B0
  Item #6, AP 0, Addr 0xE0001FE8, Value 0x0000003B
  Item #7, AP 0, Addr 0xE0001FEC, Value 0x00000000
23:28:56:403 (14/05/2023) - ROM TABLE: Detected DWT (ARMv7-M) at address 0xE0001000 (PID 0x00000004003BB002, CID 0xB105E00D)
23:28:56:404 (14/05/2023) - READ  MEM Access, AP 0x00000000, Addr 0xE00FF008, Val 0xFFF03003, "DAP Read Memory (32 bit) - Success" - ID 18
23:28:56:410 (14/05/2023) - READ  MEM BLOCK Access, AP 0x00000000, Start Addr 0xE0002FF0, End Addr 0xE0002FFF, "DAP Read Memory Block - Success" - ID 19
  Item #0, AP 0, Addr 0xE0002FF0, Value 0x0000000D
  Item #1, AP 0, Addr 0xE0002FF4, Value 0x000000E0
  Item #2, AP 0, Addr 0xE0002FF8, Value 0x00000005
  Item #3, AP 0, Addr 0xE0002FFC, Value 0x000000B1
23:28:56:417 (14/05/2023) - READ  MEM BLOCK Access, AP 0x00000000, Start Addr 0xE0002FD0, End Addr 0xE0002FEF, "DAP Read Memory Block - Success" - ID 20
  Item #0, AP 0, Addr 0xE0002FD0, Value 0x00000004
  Item #1, AP 0, Addr 0xE0002FD4, Value 0x00000000
  Item #2, AP 0, Addr 0xE0002FD8, Value 0x00000000
  Item #3, AP 0, Addr 0xE0002FDC, Value 0x00000000
  Item #4, AP 0, Addr 0xE0002FE0, Value 0x00000003
  Item #5, AP 0, Addr 0xE0002FE4, Value 0x000000B0
  Item #6, AP 0, Addr 0xE0002FE8, Value 0x0000002B
  Item #7, AP 0, Addr 0xE0002FEC, Value 0x00000000
23:28:56:417 (14/05/2023) - ROM TABLE: Detected FPB (ARMv7-M) at address 0xE0002000 (PID 0x00000004002BB003, CID 0xB105E00D)
23:28:56:419 (14/05/2023) - READ  MEM Access, AP 0x00000000, Addr 0xE00FF00C, Val 0xFFF01003, "DAP Read Memory (32 bit) - Success" - ID 21
23:28:56:425 (14/05/2023) - READ  MEM BLOCK Access, AP 0x00000000, Start Addr 0xE0000FF0, End Addr 0xE0000FFF, "DAP Read Memory Block - Success" - ID 22
  Item #0, AP 0, Addr 0xE0000FF0, Value 0x0000000D
  Item #1, AP 0, Addr 0xE0000FF4, Value 0x000000E0
  Item #2, AP 0, Addr 0xE0000FF8, Value 0x00000005
  Item #3, AP 0, Addr 0xE0000FFC, Value 0x000000B1
23:28:56:431 (14/05/2023) - READ  MEM BLOCK Access, AP 0x00000000, Start Addr 0xE0000FD0, End Addr 0xE0000FEF, "DAP Read Memory Block - Success" - ID 23
  Item #0, AP 0, Addr 0xE0000FD0, Value 0x00000004
  Item #1, AP 0, Addr 0xE0000FD4, Value 0x00000000
  Item #2, AP 0, Addr 0xE0000FD8, Value 0x00000000
  Item #3, AP 0, Addr 0xE0000FDC, Value 0x00000000
  Item #4, AP 0, Addr 0xE0000FE0, Value 0x00000001
  Item #5, AP 0, Addr 0xE0000FE4, Value 0x000000B0
  Item #6, AP 0, Addr 0xE0000FE8, Value 0x0000003B
  Item #7, AP 0, Addr 0xE0000FEC, Value 0x00000000
23:28:56:431 (14/05/2023) - ROM TABLE: Detected ITM (ARMv7-M) at address 0xE0000000 (PID 0x00000004003BB001, CID 0xB105E00D)
23:28:56:433 (14/05/2023) - READ  MEM Access, AP 0x00000000, Addr 0xE00FF010, Val 0xFFF41003, "DAP Read Memory (32 bit) - Success" - ID 24
23:28:56:439 (14/05/2023) - READ  MEM BLOCK Access, AP 0x00000000, Start Addr 0xE0040FF0, End Addr 0xE0040FFF, "DAP Read Memory Block - Success" - ID 25
  Item #0, AP 0, Addr 0xE0040FF0, Value 0x0000000D
  Item #1, AP 0, Addr 0xE0040FF4, Value 0x00000090
  Item #2, AP 0, Addr 0xE0040FF8, Value 0x00000005
  Item #3, AP 0, Addr 0xE0040FFC, Value 0x000000B1
23:28:56:445 (14/05/2023) - READ  MEM BLOCK Access, AP 0x00000000, Start Addr 0xE0040FD0, End Addr 0xE0040FEF, "DAP Read Memory Block - Success" - ID 26
  Item #0, AP 0, Addr 0xE0040FD0, Value 0x00000004
  Item #1, AP 0, Addr 0xE0040FD4, Value 0x00000000
  Item #2, AP 0, Addr 0xE0040FD8, Value 0x00000000
  Item #3, AP 0, Addr 0xE0040FDC, Value 0x00000000
  Item #4, AP 0, Addr 0xE0040FE0, Value 0x000000A1
  Item #5, AP 0, Addr 0xE0040FE4, Value 0x000000B9
  Item #6, AP 0, Addr 0xE0040FE8, Value 0x0000000B
  Item #7, AP 0, Addr 0xE0040FEC, Value 0x00000000
23:28:56:445 (14/05/2023) - ROM TABLE: Detected TPIU (Cortex-M4) at address 0xE0040000 (PID 0x00000004000BB9A1, CID 0xB105900D)
23:28:56:447 (14/05/2023) - READ  MEM Access, AP 0x00000000, Addr 0xE00FF014, Val 0xFFF42003, "DAP Read Memory (32 bit) - Success" - ID 27
23:28:56:453 (14/05/2023) - READ  MEM BLOCK Access, AP 0x00000000, Start Addr 0xE0041FF0, End Addr 0xE0041FFF, "DAP Read Memory Block - Success" - ID 28
  Item #0, AP 0, Addr 0xE0041FF0, Value 0x00000000
  Item #1, AP 0, Addr 0xE0041FF4, Value 0x00000000
  Item #2, AP 0, Addr 0xE0041FF8, Value 0x00000000
  Item #3, AP 0, Addr 0xE0041FFC, Value 0x00000000
23:28:56:459 (14/05/2023) - READ  MEM BLOCK Access, AP 0x00000000, Start Addr 0xE0041FD0, End Addr 0xE0041FEF, "DAP Read Memory Block - Success" - ID 29
  Item #0, AP 0, Addr 0xE0041FD0, Value 0x00000000
  Item #1, AP 0, Addr 0xE0041FD4, Value 0x00000000
  Item #2, AP 0, Addr 0xE0041FD8, Value 0x00000000
  Item #3, AP 0, Addr 0xE0041FDC, Value 0x00000000
  Item #4, AP 0, Addr 0xE0041FE0, Value 0x00000000
  Item #5, AP 0, Addr 0xE0041FE4, Value 0x00000000
  Item #6, AP 0, Addr 0xE0041FE8, Value 0x00000000
  Item #7, AP 0, Addr 0xE0041FEC, Value 0x00000000
23:28:56:459 (14/05/2023) - ROM TABLE: Detected Component with empty PID at address 0xE0041000 (PID 0x0000000000000000, CID 0x00000000)
23:28:56:459 (14/05/2023) - ROM TABLE: Detected Component with empty PID at address 0xE0041000 (PID 0x0000000000000000, CID 0x00000000)
23:28:56:461 (14/05/2023) - READ  MEM Access, AP 0x00000000, Addr 0xE00FF018, Val 0x00000000, "DAP Read Memory (32 bit) - Success" - ID 30
23:28:56:463 (14/05/2023) - READ  MEM Access, AP 0x00000000, Addr 0xE000ED00, Val 0x410FC241, "DAP Read Memory (32 bit) - Success" - ID 31
23:28:56:465 (14/05/2023) - READ  MEM Access, AP 0x00000000, Addr 0xE000EF40, Val 0x10110021, "DAP Read Memory (32 bit) - Success" - ID 32
23:28:56:466 (14/05/2023) - READ  MEM Access, AP 0x00000000, Addr 0xE000EF44, Val 0x11000011, "DAP Read Memory (32 bit) - Success" - ID 33
23:28:56:468 (14/05/2023) - READ  DP  Access, Addr 0x00000004, Val 0xF0000F40, "DAP Read DP - Success" - ID 34
23:28:56:471 (14/05/2023) - WRITE MEM Access, AP 0x00000000, Addr 0xE000EDFC, Val 0x00000001, "DAP Write Memory (32 bit) - Success" - ID 35
23:28:56:473 (14/05/2023) - WRITE MEM Access, AP 0x00000000, Addr 0xE000EDF0, Val 0xA05F0003, "DAP Write Memory (32 bit) - Success" - ID 36
23:28:56:475 (14/05/2023) - READ  MEM Access, AP 0x00000000, Addr 0xE000EDF0, Val 0x01030003, "DAP Read Memory (32 bit) - Success" - ID 37
23:28:56:477 (14/05/2023) - WRITE MEM Access, AP 0x00000000, Addr 0xE000EDF0, Val 0xA05F0003, "DAP Write Memory (32 bit) - Success" - ID 38
23:28:56:479 (14/05/2023) - WRITE MEM Access, AP 0x00000000, Addr 0xE000EDFC, Val 0x01000001, "DAP Write Memory (32 bit) - Success" - ID 39
23:28:56:481 (14/05/2023) - READ  MEM Access, AP 0x00000000, Addr 0xE0002000, Val 0x00000260, "DAP Read Memory (32 bit) - Success" - ID 40
23:28:56:483 (14/05/2023) - READ  MEM Access, AP 0x00000000, Addr 0xE0001000, Val 0x40000001, "DAP Read Memory (32 bit) - Success" - ID 41
23:28:56:485 (14/05/2023) - WRITE MEM Access, AP 0x00000000, Addr 0xE0001024, Val 0x0000001F, "DAP Write Memory (32 bit) - Success" - ID 42
23:28:56:487 (14/05/2023) - READ  MEM Access, AP 0x00000000, Addr 0xE0001024, Val 0x0000000F, "DAP Read Memory (32 bit) - Success" - ID 43
23:28:56:488 (14/05/2023) - WRITE MEM Access, AP 0x00000000, Addr 0xE0001024, Val 0x00000000, "DAP Write Memory (32 bit) - Success" - ID 44
23:28:56:491 (14/05/2023) - WRITE MEM Access, AP 0x00000000, Addr 0xE0001028, Val 0x00000100, "DAP Write Memory (32 bit) - Success" - ID 45
23:28:56:492 (14/05/2023) - READ  MEM Access, AP 0x00000000, Addr 0xE0001028, Val 0x00000000, "DAP Read Memory (32 bit) - Success" - ID 46
23:28:56:494 (14/05/2023) - WRITE MEM Access, AP 0x00000000, Addr 0xE0001028, Val 0x00000080, "DAP Write Memory (32 bit) - Success" - ID 47
23:28:56:496 (14/05/2023) - READ  MEM Access, AP 0x00000000, Addr 0xE0001028, Val 0x00000080, "DAP Read Memory (32 bit) - Success" - ID 48
23:28:56:498 (14/05/2023) - WRITE MEM Access, AP 0x00000000, Addr 0xE0001028, Val 0x00000000, "DAP Write Memory (32 bit) - Success" - ID 49
23:28:56:501 (14/05/2023) - WRITE MEM Access, AP 0x00000000, Addr 0xE0001038, Val 0x00000100, "DAP Write Memory (32 bit) - Success" - ID 50
23:28:56:503 (14/05/2023) - READ  MEM Access, AP 0x00000000, Addr 0xE0001038, Val 0x00000300, "DAP Read Memory (32 bit) - Success" - ID 51
23:28:56:505 (14/05/2023) - WRITE MEM Access, AP 0x00000000, Addr 0xE0001038, Val 0x00000080, "DAP Write Memory (32 bit) - Success" - ID 52
23:28:56:506 (14/05/2023) - READ  MEM Access, AP 0x00000000, Addr 0xE0001038, Val 0x00000200, "DAP Read Memory (32 bit) - Success" - ID 53
23:28:56:508 (14/05/2023) - WRITE MEM Access, AP 0x00000000, Addr 0xE0001038, Val 0x00000000, "DAP Write Memory (32 bit) - Success" - ID 54
23:28:56:511 (14/05/2023) - WRITE MEM Access, AP 0x00000000, Addr 0xE0001048, Val 0x00000100, "DAP Write Memory (32 bit) - Success" - ID 55
23:28:56:512 (14/05/2023) - READ  MEM Access, AP 0x00000000, Addr 0xE0001048, Val 0x00000000, "DAP Read Memory (32 bit) - Success" - ID 56
23:28:56:514 (14/05/2023) - WRITE MEM Access, AP 0x00000000, Addr 0xE0001048, Val 0x00000080, "DAP Write Memory (32 bit) - Success" - ID 57
23:28:56:516 (14/05/2023) - READ  MEM Access, AP 0x00000000, Addr 0xE0001048, Val 0x00000000, "DAP Read Memory (32 bit) - Success" - ID 58
23:28:56:518 (14/05/2023) - WRITE MEM Access, AP 0x00000000, Addr 0xE0001048, Val 0x00000000, "DAP Write Memory (32 bit) - Success" - ID 59
23:28:56:520 (14/05/2023) - WRITE MEM Access, AP 0x00000000, Addr 0xE0001058, Val 0x00000100, "DAP Write Memory (32 bit) - Success" - ID 60
23:28:56:522 (14/05/2023) - READ  MEM Access, AP 0x00000000, Addr 0xE0001058, Val 0x00000000, "DAP Read Memory (32 bit) - Success" - ID 61
23:28:56:524 (14/05/2023) - WRITE MEM Access, AP 0x00000000, Addr 0xE0001058, Val 0x00000080, "DAP Write Memory (32 bit) - Success" - ID 62
23:28:56:526 (14/05/2023) - READ  MEM Access, AP 0x00000000, Addr 0xE0001058, Val 0x00000000, "DAP Read Memory (32 bit) - Success" - ID 63
23:28:56:528 (14/05/2023) - WRITE MEM Access, AP 0x00000000, Addr 0xE0001058, Val 0x00000000, "DAP Write Memory (32 bit) - Success" - ID 64
23:28:56:530 (14/05/2023) - WRITE MEM Access, AP 0x00000000, Addr 0xE0002000, Val 0x00000002, "DAP Write Memory (32 bit) - Success" - ID 65
23:28:56:532 (14/05/2023) - WRITE MEM Access, AP 0x00000000, Addr 0xE0001028, Val 0x00000000, "DAP Write Memory (32 bit) - Success" - ID 66
23:28:56:534 (14/05/2023) - WRITE MEM Access, AP 0x00000000, Addr 0xE0001038, Val 0x00000000, "DAP Write Memory (32 bit) - Success" - ID 67
23:28:56:536 (14/05/2023) - WRITE MEM Access, AP 0x00000000, Addr 0xE0001048, Val 0x00000000, "DAP Write Memory (32 bit) - Success" - ID 68
23:28:56:538 (14/05/2023) - WRITE MEM Access, AP 0x00000000, Addr 0xE0001058, Val 0x00000000, "DAP Write Memory (32 bit) - Success" - ID 69
23:28:56:540 (14/05/2023) - READ  MEM Access, AP 0x00000000, Addr 0xE000E004, Val 0x00000002, "DAP Read Memory (32 bit) - Success" - ID 70
23:28:56:547 (14/05/2023) - WRITE MEM BLOCK Access, AP 0x00000000, Start Addr 0xE0001000, End Addr 0xE000101B, "DAP Write Memory Block - Success" - ID 71
  Item #0, AP 0, Addr 0xE0001000, Value 0x00000001
  Item #1, AP 0, Addr 0xE0001004, Value 0x00000000
  Item #2, AP 0, Addr 0xE0001008, Value 0x00000000
  Item #3, AP 0, Addr 0xE000100C, Value 0x00000000
  Item #4, AP 0, Addr 0xE0001010, Value 0x00000000
  Item #5, AP 0, Addr 0xE0001014, Value 0x00000000
  Item #6, AP 0, Addr 0xE0001018, Value 0x00000000
23:28:56:558 (14/05/2023) - WRITE MEM Access, AP 0x00000000, Addr 0xE000EDFC, Val 0x00000001, "DAP Write Memory (32 bit) - Success" - ID 72
23:28:56:560 (14/05/2023) - READ  MEM Access, AP 0x00000000, Addr 0xE000EDF0, Val 0x00030003, "DAP Read Memory (32 bit) - Success" - ID 73
23:28:56:562 (14/05/2023) - WRITE MEM Access, AP 0x00000000, Addr 0xE000ED0C, Val 0x05FA0004, "DAP Write Memory (32 bit) - Success" - ID 74
23:28:56:564 (14/05/2023) - READ  MEM Access, AP 0x00000000, Addr 0xE000EDF0, Val 0x02030003, "DAP Read Memory (32 bit) - Success" - ID 75
23:28:56:566 (14/05/2023) - READ  MEM Access, AP 0x00000000, Addr 0xE000EDF0, Val 0x00030003, "DAP Read Memory (32 bit) - Success" - ID 76
23:28:56:576 (14/05/2023) - READ  MEM Access, AP 0x00000000, Addr 0xE000EDF0, Val 0x00030003, "DAP Read Memory (32 bit) - Success" - ID 77
23:28:56:577 (14/05/2023) - READ  MEM Access, AP 0x00000000, Addr 0xE000EDF0, Val 0x00030003, "DAP Read Memory (32 bit) - Success" - ID 78
23:28:56:608 (14/05/2023) - READ  MEM BLOCK Access, AP 0x00000000, Start Addr 0xE0001004, End Addr 0xE0001007, "DAP Read Memory Block - Success" - ID 79
  Item #0, AP 0, Addr 0xE0001004, Value 0x00000000
23:28:56:733 (14/05/2023) - WRITE MEM Access, AP 0x00000000, Addr 0xE000EDFC, Val 0x00000001, "DAP Write Memory (32 bit) - Success" - ID 80
23:28:56:735 (14/05/2023) - READ  MEM Access, AP 0x00000000, Addr 0xE000EDF0, Val 0x00030003, "DAP Read Memory (32 bit) - Success" - ID 81
23:28:56:989 (14/05/2023) - READ  MEM Access, AP 0x00000000, Addr 0xE000EDF0, Val 0x00030003, "DAP Read Memory (32 bit) - Success" - ID 82
23:28:57:040 (14/05/2023) - WRITE MEM Access, AP 0x00000000, Addr 0xE0001008, Val 0x00000000, "DAP Write Memory (32 bit) - Success" - ID 83
23:28:57:042 (14/05/2023) - WRITE MEM Access, AP 0x00000000, Addr 0xE000100C, Val 0x00000000, "DAP Write Memory (32 bit) - Success" - ID 84
23:28:57:044 (14/05/2023) - WRITE MEM Access, AP 0x00000000, Addr 0xE0001010, Val 0x00000000, "DAP Write Memory (32 bit) - Success" - ID 85
23:28:57:045 (14/05/2023) - WRITE MEM Access, AP 0x00000000, Addr 0xE0001014, Val 0x00000000, "DAP Write Memory (32 bit) - Success" - ID 86
23:28:57:048 (14/05/2023) - WRITE MEM Access, AP 0x00000000, Addr 0xE0001018, Val 0x00000000, "DAP Write Memory (32 bit) - Success" - ID 87
23:28:57:055 (14/05/2023) - WRITE MEM Access, AP 0x00000000, Addr 0xE000ED0C, Val 0x05FA0004, "DAP Write Memory (32 bit) - Success" - ID 88
23:28:57:056 (14/05/2023) - READ  MEM Access, AP 0x00000000, Addr 0xE000EDF0, Val 0x02030003, "DAP Read Memory (32 bit) - Success" - ID 89
23:28:57:059 (14/05/2023) - READ  MEM Access, AP 0x00000000, Addr 0xE000EDF0, Val 0x00030003, "DAP Read Memory (32 bit) - Success" - ID 90
23:28:57:068 (14/05/2023) - READ  MEM Access, AP 0x00000000, Addr 0xE000EDF0, Val 0x00030003, "DAP Read Memory (32 bit) - Success" - ID 91
23:28:57:070 (14/05/2023) - READ  MEM Access, AP 0x00000000, Addr 0xE000EDF0, Val 0x00030003, "DAP Read Memory (32 bit) - Success" - ID 92
23:28:57:334 (14/05/2023) - READ  MEM Access, AP 0x00000000, Addr 0xE000EDF0, Val 0x00030003, "DAP Read Memory (32 bit) - Success" - ID 93
23:28:57:457 (14/05/2023) - READ  MEM BLOCK Access, AP 0x00000000, Start Addr 0x080001C0, End Addr 0x080001FB, "DAP Read Memory Block - Success" - ID 94
  Item #0, AP 0, Addr 0x080001C0, Value 0x47804806
  Item #1, AP 0, Addr 0x080001C4, Value 0x47004806
  Item #2, AP 0, Addr 0x080001C8, Value 0xE7FEE7FE
  Item #3, AP 0, Addr 0x080001CC, Value 0xE7FEE7FE
  Item #4, AP 0, Addr 0x080001D0, Value 0xE7FEE7FE
  Item #5, AP 0, Addr 0x080001D4, Value 0xE7FEE7FE
  Item #6, AP 0, Addr 0x080001D8, Value 0xE7FEE7FE
  Item #7, AP 0, Addr 0x080001DC, Value 0x0800022D
  Item #8, AP 0, Addr 0x080001E0, Value 0x080001AD
  Item #9, AP 0, Addr 0x080001E4, Value 0x4D074C06
  Item #10, AP 0, Addr 0x080001E8, Value 0x68E0E006
  Item #11, AP 0, Addr 0x080001EC, Value 0x0301F040
  Item #12, AP 0, Addr 0x080001F0, Value 0x0007E894
  Item #13, AP 0, Addr 0x080001F4, Value 0x34104798
  Item #14, AP 0, Addr 0x080001F8, Value 0xD3F642AC
23:28:57:570 (14/05/2023) - WRITE MEM Access, AP 0x00000000, Addr 0xE0001008, Val 0x00000000, "DAP Write Memory (32 bit) - Success" - ID 95
23:28:57:571 (14/05/2023) - WRITE MEM Access, AP 0x00000000, Addr 0xE000100C, Val 0x00000000, "DAP Write Memory (32 bit) - Success" - ID 96
23:28:57:573 (14/05/2023) - WRITE MEM Access, AP 0x00000000, Addr 0xE0001010, Val 0x00000000, "DAP Write Memory (32 bit) - Success" - ID 97
23:28:57:576 (14/05/2023) - WRITE MEM Access, AP 0x00000000, Addr 0xE0001014, Val 0x00000000, "DAP Write Memory (32 bit) - Success" - ID 98
23:28:57:578 (14/05/2023) - WRITE MEM Access, AP 0x00000000, Addr 0xE0001018, Val 0x00000000, "DAP Write Memory (32 bit) - Success" - ID 99
23:28:57:599 (14/05/2023) - READ  MEM Access, AP 0x00000000, Addr 0xE000EDF0, Val 0x00030003, "DAP Read Memory (32 bit) - Success" - ID 100
23:28:57:695 (14/05/2023) - READ  MEM BLOCK Access, AP 0x00000000, Start Addr 0x40020C00, End Addr 0x40020C13, "DAP Read Memory Block (32-bit accesses) - Success" - ID 101
  Item #0, AP 0, Addr 0x40020C00, Value 0x00000000
  Item #1, AP 0, Addr 0x40020C04, Value 0x00000000
  Item #2, AP 0, Addr 0x40020C08, Value 0x00000000
  Item #3, AP 0, Addr 0x40020C0C, Value 0x00000000
  Item #4, AP 0, Addr 0x40020C10, Value 0x00000000
23:28:57:701 (14/05/2023) - READ  MEM BLOCK Access, AP 0x00000000, Start Addr 0x40020C14, End Addr 0x40020C17, "DAP Read Memory Block (32-bit accesses) - Success" - ID 102
  Item #0, AP 0, Addr 0x40020C14, Value 0x00000000
23:28:57:707 (14/05/2023) - READ  MEM BLOCK Access, AP 0x00000000, Start Addr 0x40020C1C, End Addr 0x40020C23, "DAP Read Memory Block (32-bit accesses) - Success" - ID 103
  Item #0, AP 0, Addr 0x40020C1C, Value 0x00000000
  Item #1, AP 0, Addr 0x40020C20, Value 0x00000000
23:28:57:713 (14/05/2023) - READ  MEM BLOCK Access, AP 0x00000000, Start Addr 0x40020C24, End Addr 0x40020C27, "DAP Read Memory Block (32-bit accesses) - Success" - ID 104
  Item #0, AP 0, Addr 0x40020C24, Value 0x00000000
23:28:57:798 (14/05/2023) - READ  MEM BLOCK Access, AP 0x00000000, Start Addr 0x40023800, End Addr 0x40023817, "DAP Read Memory Block (32-bit accesses) - Success" - ID 105
  Item #0, AP 0, Addr 0x40023800, Value 0x00007483
  Item #1, AP 0, Addr 0x40023804, Value 0x24003010
  Item #2, AP 0, Addr 0x40023808, Value 0x00000000
  Item #3, AP 0, Addr 0x4002380C, Value 0x00000000
  Item #4, AP 0, Addr 0x40023810, Value 0x00000000
  Item #5, AP 0, Addr 0x40023814, Value 0x00000000
23:28:57:804 (14/05/2023) - READ  MEM BLOCK Access, AP 0x00000000, Start Addr 0x40023818, End Addr 0x4002381B, "DAP Read Memory Block (32-bit accesses) - Success" - ID 106
  Item #0, AP 0, Addr 0x40023818, Value 0x00000000
23:28:57:810 (14/05/2023) - READ  MEM BLOCK Access, AP 0x00000000, Start Addr 0x40023820, End Addr 0x40023823, "DAP Read Memory Block (32-bit accesses) - Success" - ID 107
  Item #0, AP 0, Addr 0x40023820, Value 0x00000000
23:28:57:816 (14/05/2023) - READ  MEM BLOCK Access, AP 0x00000000, Start Addr 0x40023824, End Addr 0x40023827, "DAP Read Memory Block (32-bit accesses) - Success" - ID 108
  Item #0, AP 0, Addr 0x40023824, Value 0x00000000
23:28:57:822 (14/05/2023) - READ  MEM BLOCK Access, AP 0x00000000, Start Addr 0x40023830, End Addr 0x40023837, "DAP Read Memory Block (32-bit accesses) - Success" - ID 109
  Item #0, AP 0, Addr 0x40023830, Value 0x00100000
  Item #1, AP 0, Addr 0x40023834, Value 0x00000000
23:28:57:827 (14/05/2023) - READ  MEM BLOCK Access, AP 0x00000000, Start Addr 0x40023838, End Addr 0x4002383B, "DAP Read Memory Block (32-bit accesses) - Success" - ID 110
  Item #0, AP 0, Addr 0x40023838, Value 0x00000000
23:28:57:833 (14/05/2023) - READ  MEM BLOCK Access, AP 0x00000000, Start Addr 0x40023840, End Addr 0x40023843, "DAP Read Memory Block (32-bit accesses) - Success" - ID 111
  Item #0, AP 0, Addr 0x40023840, Value 0x00000000
23:28:57:840 (14/05/2023) - READ  MEM BLOCK Access, AP 0x00000000, Start Addr 0x40023844, End Addr 0x40023847, "DAP Read Memory Block (32-bit accesses) - Success" - ID 112
  Item #0, AP 0, Addr 0x40023844, Value 0x00000000
23:28:57:845 (14/05/2023) - READ  MEM BLOCK Access, AP 0x00000000, Start Addr 0x40023850, End Addr 0x40023857, "DAP Read Memory Block (32-bit accesses) - Success" - ID 113
  Item #0, AP 0, Addr 0x40023850, Value 0x7EEF91FF
  Item #1, AP 0, Addr 0x40023854, Value 0x000000C1
23:28:57:852 (14/05/2023) - READ  MEM BLOCK Access, AP 0x00000000, Start Addr 0x40023858, End Addr 0x4002385B, "DAP Read Memory Block (32-bit accesses) - Success" - ID 114
  Item #0, AP 0, Addr 0x40023858, Value 0x00000001
23:28:57:857 (14/05/2023) - READ  MEM BLOCK Access, AP 0x00000000, Start Addr 0x40023860, End Addr 0x40023863, "DAP Read Memory Block (32-bit accesses) - Success" - ID 115
  Item #0, AP 0, Addr 0x40023860, Value 0xF6FEC9FF
23:28:57:865 (14/05/2023) - READ  MEM Access, AP 0x00000000, Addr 0xE000EDF0, Val 0x00030003, "DAP Read Memory (32 bit) - Success" - ID 116
23:28:57:872 (14/05/2023) - READ  MEM BLOCK Access, AP 0x00000000, Start Addr 0x40023870, End Addr 0x40023873, "DAP Read Memory Block (32-bit accesses) - Success" - ID 117
  Item #0, AP 0, Addr 0x40023870, Value 0x00000000
23:28:57:878 (14/05/2023) - READ  MEM BLOCK Access, AP 0x00000000, Start Addr 0x40023874, End Addr 0x40023877, "DAP Read Memory Block (32-bit accesses) - Success" - ID 118
  Item #0, AP 0, Addr 0x40023874, Value 0x1E000000
23:28:57:884 (14/05/2023) - READ  MEM BLOCK Access, AP 0x00000000, Start Addr 0x40023880, End Addr 0x4002388B, "DAP Read Memory Block (32-bit accesses) - Success" - ID 119
  Item #0, AP 0, Addr 0x40023880, Value 0x00000000
  Item #1, AP 0, Addr 0x40023884, Value 0x24003000
  Item #2, AP 0, Addr 0x40023888, Value 0x24003000
23:28:57:890 (14/05/2023) - READ  MEM BLOCK Access, AP 0x00000000, Start Addr 0x4002388C, End Addr 0x4002388F, "DAP Read Memory Block (32-bit accesses) - Success" - ID 120
  Item #0, AP 0, Addr 0x4002388C, Value 0x00000000
23:28:57:896 (14/05/2023) - READ  MEM BLOCK Access, AP 0x00000000, Start Addr 0x400238C0, End Addr 0x400238C3, "DAP Read Memory Block (32-bit accesses) - Success" - ID 121
  Item #0, AP 0, Addr 0x400238C0, Value 0x76000000
23:28:57:902 (14/05/2023) - READ  MEM BLOCK Access, AP 0x00000000, Start Addr 0x400238CC, End Addr 0x400238CF, "DAP Read Memory Block (32-bit accesses) - Success" - ID 122
  Item #0, AP 0, Addr 0x400238CC, Value 0x00000000
23:28:57:908 (14/05/2023) - READ  MEM BLOCK Access, AP 0x00000000, Start Addr 0x400238E0, End Addr 0x400238E7, "DAP Read Memory Block (32-bit accesses) - Success" - ID 123
  Item #0, AP 0, Addr 0x400238E0, Value 0x00000000
  Item #1, AP 0, Addr 0x400238E4, Value 0x00000000
23:28:57:914 (14/05/2023) - READ  MEM BLOCK Access, AP 0x00000000, Start Addr 0x400238E8, End Addr 0x400238EB, "DAP Read Memory Block (32-bit accesses) - Success" - ID 124
  Item #0, AP 0, Addr 0x400238E8, Value 0x88000000
23:28:57:920 (14/05/2023) - READ  MEM BLOCK Access, AP 0x00000000, Start Addr 0x40023934, End Addr 0x40023937, "DAP Read Memory Block (32-bit accesses) - Success" - ID 125
  Item #0, AP 0, Addr 0x40023934, Value 0x00000000
23:28:58:128 (14/05/2023) - READ  MEM Access, AP 0x00000000, Addr 0xE000EDF0, Val 0x00030003, "DAP Read Memory (32 bit) - Success" - ID 126
23:28:58:393 (14/05/2023) - READ  MEM Access, AP 0x00000000, Addr 0xE000EDF0, Val 0x00030003, "DAP Read Memory (32 bit) - Success" - ID 127
23:28:58:657 (14/05/2023) - READ  MEM Access, AP 0x00000000, Addr 0xE000EDF0, Val 0x00030003, "DAP Read Memory (32 bit) - Success" - ID 128
23:28:58:922 (14/05/2023) - READ  MEM Access, AP 0x00000000, Addr 0xE000EDF0, Val 0x00030003, "DAP Read Memory (32 bit) - Success" - ID 129
23:28:59:184 (14/05/2023) - READ  MEM Access, AP 0x00000000, Addr 0xE000EDF0, Val 0x00030003, "DAP Read Memory (32 bit) - Success" - ID 130
23:28:59:449 (14/05/2023) - READ  MEM Access, AP 0x00000000, Addr 0xE000EDF0, Val 0x00030003, "DAP Read Memory (32 bit) - Success" - ID 131
23:28:59:714 (14/05/2023) - READ  MEM Access, AP 0x00000000, Addr 0xE000EDF0, Val 0x00030003, "DAP Read Memory (32 bit) - Success" - ID 132
23:28:59:979 (14/05/2023) - READ  MEM Access, AP 0x00000000, Addr 0xE000EDF0, Val 0x00030003, "DAP Read Memory (32 bit) - Success" - ID 133
23:29:00:049 (14/05/2023) - READ  MEM BLOCK Access, AP 0x00000000, Start Addr 0x0800039C, End Addr 0x0800039F, "DAP Read Memory Block - Success" - ID 134
  Item #0, AP 0, Addr 0x0800039C, Value 0xE7FEE7FF
23:29:00:055 (14/05/2023) - WRITE MEM BLOCK Access, AP 0x00000000, Start Addr 0x0800039C, End Addr 0x0800039F, "DAP Write Memory Block - Success" - ID 135
  Item #0, AP 0, Addr 0x0800039C, Value 0xE7FEBE00
23:29:00:061 (14/05/2023) - READ  MEM BLOCK Access, AP 0x00000000, Start Addr 0x0800039C, End Addr 0x0800039F, "DAP Read Memory Block - Success" - ID 136
  Item #0, AP 0, Addr 0x0800039C, Value 0xE7FEE7FF
23:29:00:077 (14/05/2023) - READ  MEM BLOCK Access, AP 0x00000000, Start Addr 0x08000390, End Addr 0x08000393, "DAP Read Memory Block - Success" - ID 137
  Item #0, AP 0, Addr 0x08000390, Value 0xB082B580
23:29:00:083 (14/05/2023) - WRITE MEM BLOCK Access, AP 0x00000000, Start Addr 0x08000390, End Addr 0x08000393, "DAP Write Memory Block - Success" - ID 138
  Item #0, AP 0, Addr 0x08000390, Value 0xB082BE00
23:29:00:088 (14/05/2023) - READ  MEM BLOCK Access, AP 0x00000000, Start Addr 0x08000390, End Addr 0x08000393, "DAP Read Memory Block - Success" - ID 139
  Item #0, AP 0, Addr 0x08000390, Value 0xB082B580
23:29:00:122 (14/05/2023) - READ  MEM BLOCK Access, AP 0x00000000, Start Addr 0x40020C00, End Addr 0x40020E3F, "DAP Read Memory Block - Success" - ID 140
  Item #0, AP 0, Addr 0x40020C00, Value 0x00000000
  Item #1, AP 0, Addr 0x40020C04, Value 0x00000000
  Item #2, AP 0, Addr 0x40020C08, Value 0x00000000
  Item #3, AP 0, Addr 0x40020C0C, Value 0x00000000
  Item #4, AP 0, Addr 0x40020C10, Value 0x00000000
  Item #5, AP 0, Addr 0x40020C14, Value 0x00000000
  Item #6, AP 0, Addr 0x40020C18, Value 0x00000000
  Item #7, AP 0, Addr 0x40020C1C, Value 0x00000000
  Item #8, AP 0, Addr 0x40020C20, Value 0x00000000
  Item #9, AP 0, Addr 0x40020C24, Value 0x00000000
  Item #10, AP 0, Addr 0x40020C28, Value 0x00000000
  Item #11, AP 0, Addr 0x40020C2C, Value 0x00000000
  Item #12, AP 0, Addr 0x40020C30, Value 0x00000000
  Item #13, AP 0, Addr 0x40020C34, Value 0x00000000
  Item #14, AP 0, Addr 0x40020C38, Value 0x00000000
  Item #15, AP 0, Addr 0x40020C3C, Value 0x00000000
  Item #16, AP 0, Addr 0x40020C40, Value 0x00000000
  Item #17, AP 0, Addr 0x40020C44, Value 0x00000000
  Item #18, AP 0, Addr 0x40020C48, Value 0x00000000
  Item #19, AP 0, Addr 0x40020C4C, Value 0x00000000
  Item #20, AP 0, Addr 0x40020C50, Value 0x00000000
  Item #21, AP 0, Addr 0x40020C54, Value 0x00000000
  Item #22, AP 0, Addr 0x40020C58, Value 0x00000000
  Item #23, AP 0, Addr 0x40020C5C, Value 0x00000000
  Item #24, AP 0, Addr 0x40020C60, Value 0x00000000
  Item #25, AP 0, Addr 0x40020C64, Value 0x00000000
  Item #26, AP 0, Addr 0x40020C68, Value 0x00000000
  Item #27, AP 0, Addr 0x40020C6C, Value 0x00000000
  Item #28, AP 0, Addr 0x40020C70, Value 0x00000000
  Item #29, AP 0, Addr 0x40020C74, Value 0x00000000
  Item #30, AP 0, Addr 0x40020C78, Value 0x00000000
  Item #31, AP 0, Addr 0x40020C7C, Value 0x00000000
  Item #32, AP 0, Addr 0x40020C80, Value 0x00000000
  Item #33, AP 0, Addr 0x40020C84, Value 0x00000000
  Item #34, AP 0, Addr 0x40020C88, Value 0x00000000
  Item #35, AP 0, Addr 0x40020C8C, Value 0x00000000
  Item #36, AP 0, Addr 0x40020C90, Value 0x00000000
  Item #37, AP 0, Addr 0x40020C94, Value 0x00000000
  Item #38, AP 0, Addr 0x40020C98, Value 0x00000000
  Item #39, AP 0, Addr 0x40020C9C, Value 0x00000000
  Item #40, AP 0, Addr 0x40020CA0, Value 0x00000000
  Item #41, AP 0, Addr 0x40020CA4, Value 0x00000000
  Item #42, AP 0, Addr 0x40020CA8, Value 0x00000000
  Item #43, AP 0, Addr 0x40020CAC, Value 0x00000000
  Item #44, AP 0, Addr 0x40020CB0, Value 0x00000000
  Item #45, AP 0, Addr 0x40020CB4, Value 0x00000000
  Item #46, AP 0, Addr 0x40020CB8, Value 0x00000000
  Item #47, AP 0, Addr 0x40020CBC, Value 0x00000000
  Item #48, AP 0, Addr 0x40020CC0, Value 0x00000000
  Item #49, AP 0, Addr 0x40020CC4, Value 0x00000000
  Item #50, AP 0, Addr 0x40020CC8, Value 0x00000000
  Item #51, AP 0, Addr 0x40020CCC, Value 0x00000000
  Item #52, AP 0, Addr 0x40020CD0, Value 0x00000000
  Item #53, AP 0, Addr 0x40020CD4, Value 0x00000000
  Item #54, AP 0, Addr 0x40020CD8, Value 0x00000000
  Item #55, AP 0, Addr 0x40020CDC, Value 0x00000000
  Item #56, AP 0, Addr 0x40020CE0, Value 0x00000000
  Item #57, AP 0, Addr 0x40020CE4, Value 0x00000000
  Item #58, AP 0, Addr 0x40020CE8, Value 0x00000000
  Item #59, AP 0, Addr 0x40020CEC, Value 0x00000000
  Item #60, AP 0, Addr 0x40020CF0, Value 0x00000000
  Item #61, AP 0, Addr 0x40020CF4, Value 0x00000000
  Item #62, AP 0, Addr 0x40020CF8, Value 0x00000000
  Item #63, AP 0, Addr 0x40020CFC, Value 0x00000000
  Item #64, AP 0, Addr 0x40020D00, Value 0x00000000
  Item #65, AP 0, Addr 0x40020D04, Value 0x00000000
  Item #66, AP 0, Addr 0x40020D08, Value 0x00000000
  Item #67, AP 0, Addr 0x40020D0C, Value 0x00000000
  Item #68, AP 0, Addr 0x40020D10, Value 0x00000000
  Item #69, AP 0, Addr 0x40020D14, Value 0x00000000
  Item #70, AP 0, Addr 0x40020D18, Value 0x00000000
  Item #71, AP 0, Addr 0x40020D1C, Value 0x00000000
  Item #72, AP 0, Addr 0x40020D20, Value 0x00000000
  Item #73, AP 0, Addr 0x40020D24, Value 0x00000000
  Item #74, AP 0, Addr 0x40020D28, Value 0x00000000
  Item #75, AP 0, Addr 0x40020D2C, Value 0x00000000
  Item #76, AP 0, Addr 0x40020D30, Value 0x00000000
  Item #77, AP 0, Addr 0x40020D34, Value 0x00000000
  Item #78, AP 0, Addr 0x40020D38, Value 0x00000000
  Item #79, AP 0, Addr 0x40020D3C, Value 0x00000000
  Item #80, AP 0, Addr 0x40020D40, Value 0x00000000
  Item #81, AP 0, Addr 0x40020D44, Value 0x00000000
  Item #82, AP 0, Addr 0x40020D48, Value 0x00000000
  Item #83, AP 0, Addr 0x40020D4C, Value 0x00000000
  Item #84, AP 0, Addr 0x40020D50, Value 0x00000000
  Item #85, AP 0, Addr 0x40020D54, Value 0x00000000
  Item #86, AP 0, Addr 0x40020D58, Value 0x00000000
  Item #87, AP 0, Addr 0x40020D5C, Value 0x00000000
  Item #88, AP 0, Addr 0x40020D60, Value 0x00000000
  Item #89, AP 0, Addr 0x40020D64, Value 0x00000000
  Item #90, AP 0, Addr 0x40020D68, Value 0x00000000
  Item #91, AP 0, Addr 0x40020D6C, Value 0x00000000
  Item #92, AP 0, Addr 0x40020D70, Value 0x00000000
  Item #93, AP 0, Addr 0x40020D74, Value 0x00000000
  Item #94, AP 0, Addr 0x40020D78, Value 0x00000000
  Item #95, AP 0, Addr 0x40020D7C, Value 0x00000000
  Item #96, AP 0, Addr 0x40020D80, Value 0x00000000
  Item #97, AP 0, Addr 0x40020D84, Value 0x00000000
  Item #98, AP 0, Addr 0x40020D88, Value 0x00000000
  Item #99, AP 0, Addr 0x40020D8C, Value 0x00000000
  Item #100, AP 0, Addr 0x40020D90, Value 0x00000000
  Item #101, AP 0, Addr 0x40020D94, Value 0x00000000
  Item #102, AP 0, Addr 0x40020D98, Value 0x00000000
  Item #103, AP 0, Addr 0x40020D9C, Value 0x00000000
  Item #104, AP 0, Addr 0x40020DA0, Value 0x00000000
  Item #105, AP 0, Addr 0x40020DA4, Value 0x00000000
  Item #106, AP 0, Addr 0x40020DA8, Value 0x00000000
  Item #107, AP 0, Addr 0x40020DAC, Value 0x00000000
  Item #108, AP 0, Addr 0x40020DB0, Value 0x00000000
  Item #109, AP 0, Addr 0x40020DB4, Value 0x00000000
  Item #110, AP 0, Addr 0x40020DB8, Value 0x00000000
  Item #111, AP 0, Addr 0x40020DBC, Value 0x00000000
  Item #112, AP 0, Addr 0x40020DC0, Value 0x00000000
  Item #113, AP 0, Addr 0x40020DC4, Value 0x00000000
  Item #114, AP 0, Addr 0x40020DC8, Value 0x00000000
  Item #115, AP 0, Addr 0x40020DCC, Value 0x00000000
  Item #116, AP 0, Addr 0x40020DD0, Value 0x00000000
  Item #117, AP 0, Addr 0x40020DD4, Value 0x00000000
  Item #118, AP 0, Addr 0x40020DD8, Value 0x00000000
  Item #119, AP 0, Addr 0x40020DDC, Value 0x00000000
  Item #120, AP 0, Addr 0x40020DE0, Value 0x00000000
  Item #121, AP 0, Addr 0x40020DE4, Value 0x00000000
  Item #122, AP 0, Addr 0x40020DE8, Value 0x00000000
  Item #123, AP 0, Addr 0x40020DEC, Value 0x00000000
  Item #124, AP 0, Addr 0x40020DF0, Value 0x00000000
  Item #125, AP 0, Addr 0x40020DF4, Value 0x00000000
  Item #126, AP 0, Addr 0x40020DF8, Value 0x00000000
  Item #127, AP 0, Addr 0x40020DFC, Value 0x00000000
  Item #128, AP 0, Addr 0x40020E00, Value 0x00000000
  Item #129, AP 0, Addr 0x40020E04, Value 0x00000000
  Item #130, AP 0, Addr 0x40020E08, Value 0x00000000
  Item #131, AP 0, Addr 0x40020E0C, Value 0x00000000
  Item #132, AP 0, Addr 0x40020E10, Value 0x00000000
  Item #133, AP 0, Addr 0x40020E14, Value 0x00000000
  Item #134, AP 0, Addr 0x40020E18, Value 0x00000000
  Item #135, AP 0, Addr 0x40020E1C, Value 0x00000000
  Item #136, AP 0, Addr 0x40020E20, Value 0x00000000
  Item #137, AP 0, Addr 0x40020E24, Value 0x00000000
  Item #138, AP 0, Addr 0x40020E28, Value 0x00000000
  Item #139, AP 0, Addr 0x40020E2C, Value 0x00000000
  Item #140, AP 0, Addr 0x40020E30, Value 0x00000000
  Item #141, AP 0, Addr 0x40020E34, Value 0x00000000
  Item #142, AP 0, Addr 0x40020E38, Value 0x00000000
  Item #143, AP 0, Addr 0x40020E3C, Value 0x00000000
23:29:00:148 (14/05/2023) - READ  MEM BLOCK Access, AP 0x00000000, Start Addr 0x40020C00, End Addr 0x40020E3F, "DAP Read Memory Block - Success" - ID 141
  Item #0, AP 0, Addr 0x40020C00, Value 0x00000000
  Item #1, AP 0, Addr 0x40020C04, Value 0x00000000
  Item #2, AP 0, Addr 0x40020C08, Value 0x00000000
  Item #3, AP 0, Addr 0x40020C0C, Value 0x00000000
  Item #4, AP 0, Addr 0x40020C10, Value 0x00000000
  Item #5, AP 0, Addr 0x40020C14, Value 0x00000000
  Item #6, AP 0, Addr 0x40020C18, Value 0x00000000
  Item #7, AP 0, Addr 0x40020C1C, Value 0x00000000
  Item #8, AP 0, Addr 0x40020C20, Value 0x00000000
  Item #9, AP 0, Addr 0x40020C24, Value 0x00000000
  Item #10, AP 0, Addr 0x40020C28, Value 0x00000000
  Item #11, AP 0, Addr 0x40020C2C, Value 0x00000000
  Item #12, AP 0, Addr 0x40020C30, Value 0x00000000
  Item #13, AP 0, Addr 0x40020C34, Value 0x00000000
  Item #14, AP 0, Addr 0x40020C38, Value 0x00000000
  Item #15, AP 0, Addr 0x40020C3C, Value 0x00000000
  Item #16, AP 0, Addr 0x40020C40, Value 0x00000000
  Item #17, AP 0, Addr 0x40020C44, Value 0x00000000
  Item #18, AP 0, Addr 0x40020C48, Value 0x00000000
  Item #19, AP 0, Addr 0x40020C4C, Value 0x00000000
  Item #20, AP 0, Addr 0x40020C50, Value 0x00000000
  Item #21, AP 0, Addr 0x40020C54, Value 0x00000000
  Item #22, AP 0, Addr 0x40020C58, Value 0x00000000
  Item #23, AP 0, Addr 0x40020C5C, Value 0x00000000
  Item #24, AP 0, Addr 0x40020C60, Value 0x00000000
  Item #25, AP 0, Addr 0x40020C64, Value 0x00000000
  Item #26, AP 0, Addr 0x40020C68, Value 0x00000000
  Item #27, AP 0, Addr 0x40020C6C, Value 0x00000000
  Item #28, AP 0, Addr 0x40020C70, Value 0x00000000
  Item #29, AP 0, Addr 0x40020C74, Value 0x00000000
  Item #30, AP 0, Addr 0x40020C78, Value 0x00000000
  Item #31, AP 0, Addr 0x40020C7C, Value 0x00000000
  Item #32, AP 0, Addr 0x40020C80, Value 0x00000000
  Item #33, AP 0, Addr 0x40020C84, Value 0x00000000
  Item #34, AP 0, Addr 0x40020C88, Value 0x00000000
  Item #35, AP 0, Addr 0x40020C8C, Value 0x00000000
  Item #36, AP 0, Addr 0x40020C90, Value 0x00000000
  Item #37, AP 0, Addr 0x40020C94, Value 0x00000000
  Item #38, AP 0, Addr 0x40020C98, Value 0x00000000
  Item #39, AP 0, Addr 0x40020C9C, Value 0x00000000
  Item #40, AP 0, Addr 0x40020CA0, Value 0x00000000
  Item #41, AP 0, Addr 0x40020CA4, Value 0x00000000
  Item #42, AP 0, Addr 0x40020CA8, Value 0x00000000
  Item #43, AP 0, Addr 0x40020CAC, Value 0x00000000
  Item #44, AP 0, Addr 0x40020CB0, Value 0x00000000
  Item #45, AP 0, Addr 0x40020CB4, Value 0x00000000
  Item #46, AP 0, Addr 0x40020CB8, Value 0x00000000
  Item #47, AP 0, Addr 0x40020CBC, Value 0x00000000
  Item #48, AP 0, Addr 0x40020CC0, Value 0x00000000
  Item #49, AP 0, Addr 0x40020CC4, Value 0x00000000
  Item #50, AP 0, Addr 0x40020CC8, Value 0x00000000
  Item #51, AP 0, Addr 0x40020CCC, Value 0x00000000
  Item #52, AP 0, Addr 0x40020CD0, Value 0x00000000
  Item #53, AP 0, Addr 0x40020CD4, Value 0x00000000
  Item #54, AP 0, Addr 0x40020CD8, Value 0x00000000
  Item #55, AP 0, Addr 0x40020CDC, Value 0x00000000
  Item #56, AP 0, Addr 0x40020CE0, Value 0x00000000
  Item #57, AP 0, Addr 0x40020CE4, Value 0x00000000
  Item #58, AP 0, Addr 0x40020CE8, Value 0x00000000
  Item #59, AP 0, Addr 0x40020CEC, Value 0x00000000
  Item #60, AP 0, Addr 0x40020CF0, Value 0x00000000
  Item #61, AP 0, Addr 0x40020CF4, Value 0x00000000
  Item #62, AP 0, Addr 0x40020CF8, Value 0x00000000
  Item #63, AP 0, Addr 0x40020CFC, Value 0x00000000
  Item #64, AP 0, Addr 0x40020D00, Value 0x00000000
  Item #65, AP 0, Addr 0x40020D04, Value 0x00000000
  Item #66, AP 0, Addr 0x40020D08, Value 0x00000000
  Item #67, AP 0, Addr 0x40020D0C, Value 0x00000000
  Item #68, AP 0, Addr 0x40020D10, Value 0x00000000
  Item #69, AP 0, Addr 0x40020D14, Value 0x00000000
  Item #70, AP 0, Addr 0x40020D18, Value 0x00000000
  Item #71, AP 0, Addr 0x40020D1C, Value 0x00000000
  Item #72, AP 0, Addr 0x40020D20, Value 0x00000000
  Item #73, AP 0, Addr 0x40020D24, Value 0x00000000
  Item #74, AP 0, Addr 0x40020D28, Value 0x00000000
  Item #75, AP 0, Addr 0x40020D2C, Value 0x00000000
  Item #76, AP 0, Addr 0x40020D30, Value 0x00000000
  Item #77, AP 0, Addr 0x40020D34, Value 0x00000000
  Item #78, AP 0, Addr 0x40020D38, Value 0x00000000
  Item #79, AP 0, Addr 0x40020D3C, Value 0x00000000
  Item #80, AP 0, Addr 0x40020D40, Value 0x00000000
  Item #81, AP 0, Addr 0x40020D44, Value 0x00000000
  Item #82, AP 0, Addr 0x40020D48, Value 0x00000000
  Item #83, AP 0, Addr 0x40020D4C, Value 0x00000000
  Item #84, AP 0, Addr 0x40020D50, Value 0x00000000
  Item #85, AP 0, Addr 0x40020D54, Value 0x00000000
  Item #86, AP 0, Addr 0x40020D58, Value 0x00000000
  Item #87, AP 0, Addr 0x40020D5C, Value 0x00000000
  Item #88, AP 0, Addr 0x40020D60, Value 0x00000000
  Item #89, AP 0, Addr 0x40020D64, Value 0x00000000
  Item #90, AP 0, Addr 0x40020D68, Value 0x00000000
  Item #91, AP 0, Addr 0x40020D6C, Value 0x00000000
  Item #92, AP 0, Addr 0x40020D70, Value 0x00000000
  Item #93, AP 0, Addr 0x40020D74, Value 0x00000000
  Item #94, AP 0, Addr 0x40020D78, Value 0x00000000
  Item #95, AP 0, Addr 0x40020D7C, Value 0x00000000
  Item #96, AP 0, Addr 0x40020D80, Value 0x00000000
  Item #97, AP 0, Addr 0x40020D84, Value 0x00000000
  Item #98, AP 0, Addr 0x40020D88, Value 0x00000000
  Item #99, AP 0, Addr 0x40020D8C, Value 0x00000000
  Item #100, AP 0, Addr 0x40020D90, Value 0x00000000
  Item #101, AP 0, Addr 0x40020D94, Value 0x00000000
  Item #102, AP 0, Addr 0x40020D98, Value 0x00000000
  Item #103, AP 0, Addr 0x40020D9C, Value 0x00000000
  Item #104, AP 0, Addr 0x40020DA0, Value 0x00000000
  Item #105, AP 0, Addr 0x40020DA4, Value 0x00000000
  Item #106, AP 0, Addr 0x40020DA8, Value 0x00000000
  Item #107, AP 0, Addr 0x40020DAC, Value 0x00000000
  Item #108, AP 0, Addr 0x40020DB0, Value 0x00000000
  Item #109, AP 0, Addr 0x40020DB4, Value 0x00000000
  Item #110, AP 0, Addr 0x40020DB8, Value 0x00000000
  Item #111, AP 0, Addr 0x40020DBC, Value 0x00000000
  Item #112, AP 0, Addr 0x40020DC0, Value 0x00000000
  Item #113, AP 0, Addr 0x40020DC4, Value 0x00000000
  Item #114, AP 0, Addr 0x40020DC8, Value 0x00000000
  Item #115, AP 0, Addr 0x40020DCC, Value 0x00000000
  Item #116, AP 0, Addr 0x40020DD0, Value 0x00000000
  Item #117, AP 0, Addr 0x40020DD4, Value 0x00000000
  Item #118, AP 0, Addr 0x40020DD8, Value 0x00000000
  Item #119, AP 0, Addr 0x40020DDC, Value 0x00000000
  Item #120, AP 0, Addr 0x40020DE0, Value 0x00000000
  Item #121, AP 0, Addr 0x40020DE4, Value 0x00000000
  Item #122, AP 0, Addr 0x40020DE8, Value 0x00000000
  Item #123, AP 0, Addr 0x40020DEC, Value 0x00000000
  Item #124, AP 0, Addr 0x40020DF0, Value 0x00000000
  Item #125, AP 0, Addr 0x40020DF4, Value 0x00000000
  Item #126, AP 0, Addr 0x40020DF8, Value 0x00000000
  Item #127, AP 0, Addr 0x40020DFC, Value 0x00000000
  Item #128, AP 0, Addr 0x40020E00, Value 0x00000000
  Item #129, AP 0, Addr 0x40020E04, Value 0x00000000
  Item #130, AP 0, Addr 0x40020E08, Value 0x00000000
  Item #131, AP 0, Addr 0x40020E0C, Value 0x00000000
  Item #132, AP 0, Addr 0x40020E10, Value 0x00000000
  Item #133, AP 0, Addr 0x40020E14, Value 0x00000000
  Item #134, AP 0, Addr 0x40020E18, Value 0x00000000
  Item #135, AP 0, Addr 0x40020E1C, Value 0x00000000
  Item #136, AP 0, Addr 0x40020E20, Value 0x00000000
  Item #137, AP 0, Addr 0x40020E24, Value 0x00000000
  Item #138, AP 0, Addr 0x40020E28, Value 0x00000000
  Item #139, AP 0, Addr 0x40020E2C, Value 0x00000000
  Item #140, AP 0, Addr 0x40020E30, Value 0x00000000
  Item #141, AP 0, Addr 0x40020E34, Value 0x00000000
  Item #142, AP 0, Addr 0x40020E38, Value 0x00000000
  Item #143, AP 0, Addr 0x40020E3C, Value 0x00000000
23:29:00:205 (14/05/2023) - READ  MEM BLOCK Access, AP 0x00000000, Start Addr 0x080001C0, End Addr 0x080001C1, "DAP Read Memory Block - Success" - ID 142
  Item #0, AP 0, Addr 0x080001C0, Value 0x4806
23:29:00:214 (14/05/2023) - READ  MEM BLOCK Access, AP 0x00000000, Start Addr 0x40023800, End Addr 0x40023817, "DAP Read Memory Block (32-bit accesses) - Success" - ID 143
  Item #0, AP 0, Addr 0x40023800, Value 0x00007483
  Item #1, AP 0, Addr 0x40023804, Value 0x24003010
  Item #2, AP 0, Addr 0x40023808, Value 0x00000000
  Item #3, AP 0, Addr 0x4002380C, Value 0x00000000
  Item #4, AP 0, Addr 0x40023810, Value 0x00000000
  Item #5, AP 0, Addr 0x40023814, Value 0x00000000
23:29:00:220 (14/05/2023) - READ  MEM BLOCK Access, AP 0x00000000, Start Addr 0x40023818, End Addr 0x4002381B, "DAP Read Memory Block (32-bit accesses) - Success" - ID 144
  Item #0, AP 0, Addr 0x40023818, Value 0x00000000
23:29:00:226 (14/05/2023) - READ  MEM BLOCK Access, AP 0x00000000, Start Addr 0x40023820, End Addr 0x40023823, "DAP Read Memory Block (32-bit accesses) - Success" - ID 145
  Item #0, AP 0, Addr 0x40023820, Value 0x00000000
23:29:00:232 (14/05/2023) - READ  MEM BLOCK Access, AP 0x00000000, Start Addr 0x40023824, End Addr 0x40023827, "DAP Read Memory Block (32-bit accesses) - Success" - ID 146
  Item #0, AP 0, Addr 0x40023824, Value 0x00000000
23:29:00:238 (14/05/2023) - READ  MEM BLOCK Access, AP 0x00000000, Start Addr 0x40023830, End Addr 0x40023837, "DAP Read Memory Block (32-bit accesses) - Success" - ID 147
  Item #0, AP 0, Addr 0x40023830, Value 0x00100000
  Item #1, AP 0, Addr 0x40023834, Value 0x00000000
23:29:00:246 (14/05/2023) - READ  MEM Access, AP 0x00000000, Addr 0xE000EDF0, Val 0x00030003, "DAP Read Memory (32 bit) - Success" - ID 148
23:29:00:252 (14/05/2023) - READ  MEM BLOCK Access, AP 0x00000000, Start Addr 0x40023840, End Addr 0x40023843, "DAP Read Memory Block (32-bit accesses) - Success" - ID 149
  Item #0, AP 0, Addr 0x40023840, Value 0x00000000
23:29:00:258 (14/05/2023) - READ  MEM BLOCK Access, AP 0x00000000, Start Addr 0x40023844, End Addr 0x40023847, "DAP Read Memory Block (32-bit accesses) - Success" - ID 150
  Item #0, AP 0, Addr 0x40023844, Value 0x00000000
23:29:00:264 (14/05/2023) - READ  MEM BLOCK Access, AP 0x00000000, Start Addr 0x40023850, End Addr 0x40023857, "DAP Read Memory Block (32-bit accesses) - Success" - ID 151
  Item #0, AP 0, Addr 0x40023850, Value 0x7EEF91FF
  Item #1, AP 0, Addr 0x40023854, Value 0x000000C1
23:29:00:269 (14/05/2023) - READ  MEM BLOCK Access, AP 0x00000000, Start Addr 0x40023858, End Addr 0x4002385B, "DAP Read Memory Block (32-bit accesses) - Success" - ID 152
  Item #0, AP 0, Addr 0x40023858, Value 0x00000001
23:29:00:275 (14/05/2023) - READ  MEM BLOCK Access, AP 0x00000000, Start Addr 0x40023860, End Addr 0x40023863, "DAP Read Memory Block (32-bit accesses) - Success" - ID 153
  Item #0, AP 0, Addr 0x40023860, Value 0xF6FEC9FF
23:29:00:282 (14/05/2023) - READ  MEM BLOCK Access, AP 0x00000000, Start Addr 0x40023864, End Addr 0x40023867, "DAP Read Memory Block (32-bit accesses) - Success" - ID 154
  Item #0, AP 0, Addr 0x40023864, Value 0x04777F33
23:29:00:287 (14/05/2023) - READ  MEM BLOCK Access, AP 0x00000000, Start Addr 0x40023870, End Addr 0x40023873, "DAP Read Memory Block (32-bit accesses) - Success" - ID 155
  Item #0, AP 0, Addr 0x40023870, Value 0x00000000
23:29:00:293 (14/05/2023) - READ  MEM BLOCK Access, AP 0x00000000, Start Addr 0x40023874, End Addr 0x40023877, "DAP Read Memory Block (32-bit accesses) - Success" - ID 156
  Item #0, AP 0, Addr 0x40023874, Value 0x1E000000
23:29:00:299 (14/05/2023) - READ  MEM BLOCK Access, AP 0x00000000, Start Addr 0x40023880, End Addr 0x4002388B, "DAP Read Memory Block (32-bit accesses) - Success" - ID 157
  Item #0, AP 0, Addr 0x40023880, Value 0x00000000
  Item #1, AP 0, Addr 0x40023884, Value 0x24003000
  Item #2, AP 0, Addr 0x40023888, Value 0x24003000
23:29:00:305 (14/05/2023) - READ  MEM BLOCK Access, AP 0x00000000, Start Addr 0x4002388C, End Addr 0x4002388F, "DAP Read Memory Block (32-bit accesses) - Success" - ID 158
  Item #0, AP 0, Addr 0x4002388C, Value 0x00000000
23:29:00:312 (14/05/2023) - READ  MEM BLOCK Access, AP 0x00000000, Start Addr 0x400238C0, End Addr 0x400238C3, "DAP Read Memory Block (32-bit accesses) - Success" - ID 159
  Item #0, AP 0, Addr 0x400238C0, Value 0x76000000
23:29:00:317 (14/05/2023) - READ  MEM BLOCK Access, AP 0x00000000, Start Addr 0x400238CC, End Addr 0x400238CF, "DAP Read Memory Block (32-bit accesses) - Success" - ID 160
  Item #0, AP 0, Addr 0x400238CC, Value 0x00000000
23:29:00:323 (14/05/2023) - READ  MEM BLOCK Access, AP 0x00000000, Start Addr 0x400238E0, End Addr 0x400238E7, "DAP Read Memory Block (32-bit accesses) - Success" - ID 161
  Item #0, AP 0, Addr 0x400238E0, Value 0x00000000
  Item #1, AP 0, Addr 0x400238E4, Value 0x00000000
23:29:00:329 (14/05/2023) - READ  MEM BLOCK Access, AP 0x00000000, Start Addr 0x400238E8, End Addr 0x400238EB, "DAP Read Memory Block (32-bit accesses) - Success" - ID 162
  Item #0, AP 0, Addr 0x400238E8, Value 0x88000000
23:29:00:335 (14/05/2023) - READ  MEM BLOCK Access, AP 0x00000000, Start Addr 0x40023934, End Addr 0x40023937, "DAP Read Memory Block (32-bit accesses) - Success" - ID 163
  Item #0, AP 0, Addr 0x40023934, Value 0x00000000
23:29:00:343 (14/05/2023) - READ  MEM BLOCK Access, AP 0x00000000, Start Addr 0x40020C00, End Addr 0x40020C13, "DAP Read Memory Block (32-bit accesses) - Success" - ID 164
  Item #0, AP 0, Addr 0x40020C00, Value 0x00000000
  Item #1, AP 0, Addr 0x40020C04, Value 0x00000000
  Item #2, AP 0, Addr 0x40020C08, Value 0x00000000
  Item #3, AP 0, Addr 0x40020C0C, Value 0x00000000
  Item #4, AP 0, Addr 0x40020C10, Value 0x00000000
23:29:00:349 (14/05/2023) - READ  MEM BLOCK Access, AP 0x00000000, Start Addr 0x40020C14, End Addr 0x40020C17, "DAP Read Memory Block (32-bit accesses) - Success" - ID 165
  Item #0, AP 0, Addr 0x40020C14, Value 0x00000000
23:29:00:355 (14/05/2023) - READ  MEM BLOCK Access, AP 0x00000000, Start Addr 0x40020C1C, End Addr 0x40020C23, "DAP Read Memory Block (32-bit accesses) - Success" - ID 166
  Item #0, AP 0, Addr 0x40020C1C, Value 0x00000000
  Item #1, AP 0, Addr 0x40020C20, Value 0x00000000
23:29:00:361 (14/05/2023) - READ  MEM BLOCK Access, AP 0x00000000, Start Addr 0x40020C24, End Addr 0x40020C27, "DAP Read Memory Block (32-bit accesses) - Success" - ID 167
  Item #0, AP 0, Addr 0x40020C24, Value 0x00000000
23:29:00:383 (14/05/2023) - READ  MEM BLOCK Access, AP 0x00000000, Start Addr 0x40020C00, End Addr 0x40020E3F, "DAP Read Memory Block - Success" - ID 168
  Item #0, AP 0, Addr 0x40020C00, Value 0x00000000
  Item #1, AP 0, Addr 0x40020C04, Value 0x00000000
  Item #2, AP 0, Addr 0x40020C08, Value 0x00000000
  Item #3, AP 0, Addr 0x40020C0C, Value 0x00000000
  Item #4, AP 0, Addr 0x40020C10, Value 0x00000000
  Item #5, AP 0, Addr 0x40020C14, Value 0x00000000
  Item #6, AP 0, Addr 0x40020C18, Value 0x00000000
  Item #7, AP 0, Addr 0x40020C1C, Value 0x00000000
  Item #8, AP 0, Addr 0x40020C20, Value 0x00000000
  Item #9, AP 0, Addr 0x40020C24, Value 0x00000000
  Item #10, AP 0, Addr 0x40020C28, Value 0x00000000
  Item #11, AP 0, Addr 0x40020C2C, Value 0x00000000
  Item #12, AP 0, Addr 0x40020C30, Value 0x00000000
  Item #13, AP 0, Addr 0x40020C34, Value 0x00000000
  Item #14, AP 0, Addr 0x40020C38, Value 0x00000000
  Item #15, AP 0, Addr 0x40020C3C, Value 0x00000000
  Item #16, AP 0, Addr 0x40020C40, Value 0x00000000
  Item #17, AP 0, Addr 0x40020C44, Value 0x00000000
  Item #18, AP 0, Addr 0x40020C48, Value 0x00000000
  Item #19, AP 0, Addr 0x40020C4C, Value 0x00000000
  Item #20, AP 0, Addr 0x40020C50, Value 0x00000000
  Item #21, AP 0, Addr 0x40020C54, Value 0x00000000
  Item #22, AP 0, Addr 0x40020C58, Value 0x00000000
  Item #23, AP 0, Addr 0x40020C5C, Value 0x00000000
  Item #24, AP 0, Addr 0x40020C60, Value 0x00000000
  Item #25, AP 0, Addr 0x40020C64, Value 0x00000000
  Item #26, AP 0, Addr 0x40020C68, Value 0x00000000
  Item #27, AP 0, Addr 0x40020C6C, Value 0x00000000
  Item #28, AP 0, Addr 0x40020C70, Value 0x00000000
  Item #29, AP 0, Addr 0x40020C74, Value 0x00000000
  Item #30, AP 0, Addr 0x40020C78, Value 0x00000000
  Item #31, AP 0, Addr 0x40020C7C, Value 0x00000000
  Item #32, AP 0, Addr 0x40020C80, Value 0x00000000
  Item #33, AP 0, Addr 0x40020C84, Value 0x00000000
  Item #34, AP 0, Addr 0x40020C88, Value 0x00000000
  Item #35, AP 0, Addr 0x40020C8C, Value 0x00000000
  Item #36, AP 0, Addr 0x40020C90, Value 0x00000000
  Item #37, AP 0, Addr 0x40020C94, Value 0x00000000
  Item #38, AP 0, Addr 0x40020C98, Value 0x00000000
  Item #39, AP 0, Addr 0x40020C9C, Value 0x00000000
  Item #40, AP 0, Addr 0x40020CA0, Value 0x00000000
  Item #41, AP 0, Addr 0x40020CA4, Value 0x00000000
  Item #42, AP 0, Addr 0x40020CA8, Value 0x00000000
  Item #43, AP 0, Addr 0x40020CAC, Value 0x00000000
  Item #44, AP 0, Addr 0x40020CB0, Value 0x00000000
  Item #45, AP 0, Addr 0x40020CB4, Value 0x00000000
  Item #46, AP 0, Addr 0x40020CB8, Value 0x00000000
  Item #47, AP 0, Addr 0x40020CBC, Value 0x00000000
  Item #48, AP 0, Addr 0x40020CC0, Value 0x00000000
  Item #49, AP 0, Addr 0x40020CC4, Value 0x00000000
  Item #50, AP 0, Addr 0x40020CC8, Value 0x00000000
  Item #51, AP 0, Addr 0x40020CCC, Value 0x00000000
  Item #52, AP 0, Addr 0x40020CD0, Value 0x00000000
  Item #53, AP 0, Addr 0x40020CD4, Value 0x00000000
  Item #54, AP 0, Addr 0x40020CD8, Value 0x00000000
  Item #55, AP 0, Addr 0x40020CDC, Value 0x00000000
  Item #56, AP 0, Addr 0x40020CE0, Value 0x00000000
  Item #57, AP 0, Addr 0x40020CE4, Value 0x00000000
  Item #58, AP 0, Addr 0x40020CE8, Value 0x00000000
  Item #59, AP 0, Addr 0x40020CEC, Value 0x00000000
  Item #60, AP 0, Addr 0x40020CF0, Value 0x00000000
  Item #61, AP 0, Addr 0x40020CF4, Value 0x00000000
  Item #62, AP 0, Addr 0x40020CF8, Value 0x00000000
  Item #63, AP 0, Addr 0x40020CFC, Value 0x00000000
  Item #64, AP 0, Addr 0x40020D00, Value 0x00000000
  Item #65, AP 0, Addr 0x40020D04, Value 0x00000000
  Item #66, AP 0, Addr 0x40020D08, Value 0x00000000
  Item #67, AP 0, Addr 0x40020D0C, Value 0x00000000
  Item #68, AP 0, Addr 0x40020D10, Value 0x00000000
  Item #69, AP 0, Addr 0x40020D14, Value 0x00000000
  Item #70, AP 0, Addr 0x40020D18, Value 0x00000000
  Item #71, AP 0, Addr 0x40020D1C, Value 0x00000000
  Item #72, AP 0, Addr 0x40020D20, Value 0x00000000
  Item #73, AP 0, Addr 0x40020D24, Value 0x00000000
  Item #74, AP 0, Addr 0x40020D28, Value 0x00000000
  Item #75, AP 0, Addr 0x40020D2C, Value 0x00000000
  Item #76, AP 0, Addr 0x40020D30, Value 0x00000000
  Item #77, AP 0, Addr 0x40020D34, Value 0x00000000
  Item #78, AP 0, Addr 0x40020D38, Value 0x00000000
  Item #79, AP 0, Addr 0x40020D3C, Value 0x00000000
  Item #80, AP 0, Addr 0x40020D40, Value 0x00000000
  Item #81, AP 0, Addr 0x40020D44, Value 0x00000000
  Item #82, AP 0, Addr 0x40020D48, Value 0x00000000
  Item #83, AP 0, Addr 0x40020D4C, Value 0x00000000
  Item #84, AP 0, Addr 0x40020D50, Value 0x00000000
  Item #85, AP 0, Addr 0x40020D54, Value 0x00000000
  Item #86, AP 0, Addr 0x40020D58, Value 0x00000000
  Item #87, AP 0, Addr 0x40020D5C, Value 0x00000000
  Item #88, AP 0, Addr 0x40020D60, Value 0x00000000
  Item #89, AP 0, Addr 0x40020D64, Value 0x00000000
  Item #90, AP 0, Addr 0x40020D68, Value 0x00000000
  Item #91, AP 0, Addr 0x40020D6C, Value 0x00000000
  Item #92, AP 0, Addr 0x40020D70, Value 0x00000000
  Item #93, AP 0, Addr 0x40020D74, Value 0x00000000
  Item #94, AP 0, Addr 0x40020D78, Value 0x00000000
  Item #95, AP 0, Addr 0x40020D7C, Value 0x00000000
  Item #96, AP 0, Addr 0x40020D80, Value 0x00000000
  Item #97, AP 0, Addr 0x40020D84, Value 0x00000000
  Item #98, AP 0, Addr 0x40020D88, Value 0x00000000
  Item #99, AP 0, Addr 0x40020D8C, Value 0x00000000
  Item #100, AP 0, Addr 0x40020D90, Value 0x00000000
  Item #101, AP 0, Addr 0x40020D94, Value 0x00000000
  Item #102, AP 0, Addr 0x40020D98, Value 0x00000000
  Item #103, AP 0, Addr 0x40020D9C, Value 0x00000000
  Item #104, AP 0, Addr 0x40020DA0, Value 0x00000000
  Item #105, AP 0, Addr 0x40020DA4, Value 0x00000000
  Item #106, AP 0, Addr 0x40020DA8, Value 0x00000000
  Item #107, AP 0, Addr 0x40020DAC, Value 0x00000000
  Item #108, AP 0, Addr 0x40020DB0, Value 0x00000000
  Item #109, AP 0, Addr 0x40020DB4, Value 0x00000000
  Item #110, AP 0, Addr 0x40020DB8, Value 0x00000000
  Item #111, AP 0, Addr 0x40020DBC, Value 0x00000000
  Item #112, AP 0, Addr 0x40020DC0, Value 0x00000000
  Item #113, AP 0, Addr 0x40020DC4, Value 0x00000000
  Item #114, AP 0, Addr 0x40020DC8, Value 0x00000000
  Item #115, AP 0, Addr 0x40020DCC, Value 0x00000000
  Item #116, AP 0, Addr 0x40020DD0, Value 0x00000000
  Item #117, AP 0, Addr 0x40020DD4, Value 0x00000000
  Item #118, AP 0, Addr 0x40020DD8, Value 0x00000000
  Item #119, AP 0, Addr 0x40020DDC, Value 0x00000000
  Item #120, AP 0, Addr 0x40020DE0, Value 0x00000000
  Item #121, AP 0, Addr 0x40020DE4, Value 0x00000000
  Item #122, AP 0, Addr 0x40020DE8, Value 0x00000000
  Item #123, AP 0, Addr 0x40020DEC, Value 0x00000000
  Item #124, AP 0, Addr 0x40020DF0, Value 0x00000000
  Item #125, AP 0, Addr 0x40020DF4, Value 0x00000000
  Item #126, AP 0, Addr 0x40020DF8, Value 0x00000000
  Item #127, AP 0, Addr 0x40020DFC, Value 0x00000000
  Item #128, AP 0, Addr 0x40020E00, Value 0x00000000
  Item #129, AP 0, Addr 0x40020E04, Value 0x00000000
  Item #130, AP 0, Addr 0x40020E08, Value 0x00000000
  Item #131, AP 0, Addr 0x40020E0C, Value 0x00000000
  Item #132, AP 0, Addr 0x40020E10, Value 0x00000000
  Item #133, AP 0, Addr 0x40020E14, Value 0x00000000
  Item #134, AP 0, Addr 0x40020E18, Value 0x00000000
  Item #135, AP 0, Addr 0x40020E1C, Value 0x00000000
  Item #136, AP 0, Addr 0x40020E20, Value 0x00000000
  Item #137, AP 0, Addr 0x40020E24, Value 0x00000000
  Item #138, AP 0, Addr 0x40020E28, Value 0x00000000
  Item #139, AP 0, Addr 0x40020E2C, Value 0x00000000
  Item #140, AP 0, Addr 0x40020E30, Value 0x00000000
  Item #141, AP 0, Addr 0x40020E34, Value 0x00000000
  Item #142, AP 0, Addr 0x40020E38, Value 0x00000000
  Item #143, AP 0, Addr 0x40020E3C, Value 0x00000000
23:29:00:427 (14/05/2023) - WRITE MEM Access, AP 0x00000000, Addr 0xE0001008, Val 0x00000000, "DAP Write Memory (32 bit) - Success" - ID 169
23:29:00:429 (14/05/2023) - WRITE MEM Access, AP 0x00000000, Addr 0xE000100C, Val 0x00000000, "DAP Write Memory (32 bit) - Success" - ID 170
23:29:00:431 (14/05/2023) - WRITE MEM Access, AP 0x00000000, Addr 0xE0001010, Val 0x00000000, "DAP Write Memory (32 bit) - Success" - ID 171
23:29:00:433 (14/05/2023) - WRITE MEM Access, AP 0x00000000, Addr 0xE0001014, Val 0x00000000, "DAP Write Memory (32 bit) - Success" - ID 172
23:29:00:435 (14/05/2023) - WRITE MEM Access, AP 0x00000000, Addr 0xE0001018, Val 0x00000000, "DAP Write Memory (32 bit) - Success" - ID 173
23:29:00:445 (14/05/2023) - WRITE MEM BLOCK Access, AP 0x00000000, Start Addr 0xE0002000, End Addr 0xE000201F, "DAP Write Memory Block - Success" - ID 174
  Item #0, AP 0, Addr 0xE0002000, Value 0x00000003
  Item #1, AP 0, Addr 0xE0002004, Value 0x00000000
  Item #2, AP 0, Addr 0xE0002008, Value 0x4800039D
  Item #3, AP 0, Addr 0xE000200C, Value 0x48000391
  Item #4, AP 0, Addr 0xE0002010, Value 0x00000000
  Item #5, AP 0, Addr 0xE0002014, Value 0x00000000
  Item #6, AP 0, Addr 0xE0002018, Value 0x00000000
  Item #7, AP 0, Addr 0xE000201C, Value 0x00000000
23:29:00:452 (14/05/2023) - WRITE MEM BLOCK Access, AP 0x00000000, Start Addr 0xE0001020, End Addr 0xE000105F, "DAP Write Memory Block - Success" - ID 175
  Item #0, AP 0, Addr 0xE0001020, Value 0x00000000
  Item #1, AP 0, Addr 0xE0001024, Value 0x00000000
  Item #2, AP 0, Addr 0xE0001028, Value 0x00000000
  Item #3, AP 0, Addr 0xE000102C, Value 0x00000000
  Item #4, AP 0, Addr 0xE0001030, Value 0x00000000
  Item #5, AP 0, Addr 0xE0001034, Value 0x00000000
  Item #6, AP 0, Addr 0xE0001038, Value 0x00000000
  Item #7, AP 0, Addr 0xE000103C, Value 0x00000000
  Item #8, AP 0, Addr 0xE0001040, Value 0x00000000
  Item #9, AP 0, Addr 0xE0001044, Value 0x00000000
  Item #10, AP 0, Addr 0xE0001048, Value 0x00000000
  Item #11, AP 0, Addr 0xE000104C, Value 0x00000000
  Item #12, AP 0, Addr 0xE0001050, Value 0x00000000
  Item #13, AP 0, Addr 0xE0001054, Value 0x00000000
  Item #14, AP 0, Addr 0xE0001058, Value 0x00000000
  Item #15, AP 0, Addr 0xE000105C, Value 0x00000000
23:29:00:458 (14/05/2023) - WRITE MEM BLOCK Access, AP 0x00000000, Start Addr 0xE0001020, End Addr 0xE000105F, "DAP Write Memory Block - Success" - ID 176
  Item #0, AP 0, Addr 0xE0001020, Value 0x00000000
  Item #1, AP 0, Addr 0xE0001024, Value 0x00000000
  Item #2, AP 0, Addr 0xE0001028, Value 0x00000000
  Item #3, AP 0, Addr 0xE000102C, Value 0x00000000
  Item #4, AP 0, Addr 0xE0001030, Value 0x00000000
  Item #5, AP 0, Addr 0xE0001034, Value 0x00000000
  Item #6, AP 0, Addr 0xE0001038, Value 0x00000000
  Item #7, AP 0, Addr 0xE000103C, Value 0x00000000
  Item #8, AP 0, Addr 0xE0001040, Value 0x00000000
  Item #9, AP 0, Addr 0xE0001044, Value 0x00000000
  Item #10, AP 0, Addr 0xE0001048, Value 0x00000000
  Item #11, AP 0, Addr 0xE000104C, Value 0x00000000
  Item #12, AP 0, Addr 0xE0001050, Value 0x00000000
  Item #13, AP 0, Addr 0xE0001054, Value 0x00000000
  Item #14, AP 0, Addr 0xE0001058, Value 0x00000000
  Item #15, AP 0, Addr 0xE000105C, Value 0x00000000
23:29:00:460 (14/05/2023) - WRITE MEM Access, AP 0x00000000, Addr 0xE000ED30, Val 0x0000001F, "DAP Write Memory (32 bit) - Success" - ID 177
23:29:00:462 (14/05/2023) - WRITE MEM Access, AP 0x00000000, Addr 0xE000EDF0, Val 0xA05F0001, "DAP Write Memory (32 bit) - Success" - ID 178
23:29:00:464 (14/05/2023) - READ  MEM Access, AP 0x00000000, Addr 0xE000EDF0, Val 0x01030003, "DAP Read Memory (32 bit) - Success" - ID 179
23:29:00:467 (14/05/2023) - READ  MEM Access, AP 0x00000000, Addr 0xE000EDF0, Val 0x00030003, "DAP Read Memory (32 bit) - Success" - ID 180
23:29:00:540 (14/05/2023) - WRITE MEM BLOCK Access, AP 0x00000000, Start Addr 0xE0002000, End Addr 0xE000201F, "DAP Write Memory Block - Success" - ID 181
  Item #0, AP 0, Addr 0xE0002000, Value 0x00000002
  Item #1, AP 0, Addr 0xE0002004, Value 0x00000000
  Item #2, AP 0, Addr 0xE0002008, Value 0x00000000
  Item #3, AP 0, Addr 0xE000200C, Value 0x00000000
  Item #4, AP 0, Addr 0xE0002010, Value 0x00000000
  Item #5, AP 0, Addr 0xE0002014, Value 0x00000000
  Item #6, AP 0, Addr 0xE0002018, Value 0x00000000
  Item #7, AP 0, Addr 0xE000201C, Value 0x00000000
23:29:00:547 (14/05/2023) - WRITE MEM BLOCK Access, AP 0x00000000, Start Addr 0xE0001020, End Addr 0xE000105F, "DAP Write Memory Block - Success" - ID 182
  Item #0, AP 0, Addr 0xE0001020, Value 0x00000000
  Item #1, AP 0, Addr 0xE0001024, Value 0x00000000
  Item #2, AP 0, Addr 0xE0001028, Value 0x00000000
  Item #3, AP 0, Addr 0xE000102C, Value 0x00000000
  Item #4, AP 0, Addr 0xE0001030, Value 0x00000000
  Item #5, AP 0, Addr 0xE0001034, Value 0x00000000
  Item #6, AP 0, Addr 0xE0001038, Value 0x00000000
  Item #7, AP 0, Addr 0xE000103C, Value 0x00000000
  Item #8, AP 0, Addr 0xE0001040, Value 0x00000000
  Item #9, AP 0, Addr 0xE0001044, Value 0x00000000
  Item #10, AP 0, Addr 0xE0001048, Value 0x00000000
  Item #11, AP 0, Addr 0xE000104C, Value 0x00000000
  Item #12, AP 0, Addr 0xE0001050, Value 0x00000000
  Item #13, AP 0, Addr 0xE0001054, Value 0x00000000
  Item #14, AP 0, Addr 0xE0001058, Value 0x00000000
  Item #15, AP 0, Addr 0xE000105C, Value 0x00000000
23:29:00:554 (14/05/2023) - WRITE MEM BLOCK Access, AP 0x00000000, Start Addr 0xE0001020, End Addr 0xE000105F, "DAP Write Memory Block - Success" - ID 183
  Item #0, AP 0, Addr 0xE0001020, Value 0x00000000
  Item #1, AP 0, Addr 0xE0001024, Value 0x00000000
  Item #2, AP 0, Addr 0xE0001028, Value 0x00000000
  Item #3, AP 0, Addr 0xE000102C, Value 0x00000000
  Item #4, AP 0, Addr 0xE0001030, Value 0x00000000
  Item #5, AP 0, Addr 0xE0001034, Value 0x00000000
  Item #6, AP 0, Addr 0xE0001038, Value 0x00000000
  Item #7, AP 0, Addr 0xE000103C, Value 0x00000000
  Item #8, AP 0, Addr 0xE0001040, Value 0x00000000
  Item #9, AP 0, Addr 0xE0001044, Value 0x00000000
  Item #10, AP 0, Addr 0xE0001048, Value 0x00000000
  Item #11, AP 0, Addr 0xE000104C, Value 0x00000000
  Item #12, AP 0, Addr 0xE0001050, Value 0x00000000
  Item #13, AP 0, Addr 0xE0001054, Value 0x00000000
  Item #14, AP 0, Addr 0xE0001058, Value 0x00000000
  Item #15, AP 0, Addr 0xE000105C, Value 0x00000000
23:29:00:556 (14/05/2023) - READ  MEM Access, AP 0x00000000, Addr 0xE000ED30, Val 0x00000002, "DAP Read Memory (32 bit) - Success" - ID 184
23:29:00:558 (14/05/2023) - READ  MEM Access, AP 0x00000000, Addr 0xE0001028, Val 0x00000000, "DAP Read Memory (32 bit) - Success" - ID 185
23:29:00:560 (14/05/2023) - READ  MEM Access, AP 0x00000000, Addr 0xE0001038, Val 0x00000200, "DAP Read Memory (32 bit) - Success" - ID 186
23:29:00:562 (14/05/2023) - READ  MEM Access, AP 0x00000000, Addr 0xE0001048, Val 0x00000000, "DAP Read Memory (32 bit) - Success" - ID 187
23:29:00:564 (14/05/2023) - READ  MEM Access, AP 0x00000000, Addr 0xE0001058, Val 0x00000000, "DAP Read Memory (32 bit) - Success" - ID 188
23:29:00:639 (14/05/2023) - READ  MEM BLOCK Access, AP 0x00000000, Start Addr 0x40020C00, End Addr 0x40020E3F, "DAP Read Memory Block - Success" - ID 189
  Item #0, AP 0, Addr 0x40020C00, Value 0x00000000
  Item #1, AP 0, Addr 0x40020C04, Value 0x00000000
  Item #2, AP 0, Addr 0x40020C08, Value 0x00000000
  Item #3, AP 0, Addr 0x40020C0C, Value 0x00000000
  Item #4, AP 0, Addr 0x40020C10, Value 0x00000000
  Item #5, AP 0, Addr 0x40020C14, Value 0x00000000
  Item #6, AP 0, Addr 0x40020C18, Value 0x00000000
  Item #7, AP 0, Addr 0x40020C1C, Value 0x00000000
  Item #8, AP 0, Addr 0x40020C20, Value 0x00000000
  Item #9, AP 0, Addr 0x40020C24, Value 0x00000000
  Item #10, AP 0, Addr 0x40020C28, Value 0x00000000
  Item #11, AP 0, Addr 0x40020C2C, Value 0x00000000
  Item #12, AP 0, Addr 0x40020C30, Value 0x00000000
  Item #13, AP 0, Addr 0x40020C34, Value 0x00000000
  Item #14, AP 0, Addr 0x40020C38, Value 0x00000000
  Item #15, AP 0, Addr 0x40020C3C, Value 0x00000000
  Item #16, AP 0, Addr 0x40020C40, Value 0x00000000
  Item #17, AP 0, Addr 0x40020C44, Value 0x00000000
  Item #18, AP 0, Addr 0x40020C48, Value 0x00000000
  Item #19, AP 0, Addr 0x40020C4C, Value 0x00000000
  Item #20, AP 0, Addr 0x40020C50, Value 0x00000000
  Item #21, AP 0, Addr 0x40020C54, Value 0x00000000
  Item #22, AP 0, Addr 0x40020C58, Value 0x00000000
  Item #23, AP 0, Addr 0x40020C5C, Value 0x00000000
  Item #24, AP 0, Addr 0x40020C60, Value 0x00000000
  Item #25, AP 0, Addr 0x40020C64, Value 0x00000000
  Item #26, AP 0, Addr 0x40020C68, Value 0x00000000
  Item #27, AP 0, Addr 0x40020C6C, Value 0x00000000
  Item #28, AP 0, Addr 0x40020C70, Value 0x00000000
  Item #29, AP 0, Addr 0x40020C74, Value 0x00000000
  Item #30, AP 0, Addr 0x40020C78, Value 0x00000000
  Item #31, AP 0, Addr 0x40020C7C, Value 0x00000000
  Item #32, AP 0, Addr 0x40020C80, Value 0x00000000
  Item #33, AP 0, Addr 0x40020C84, Value 0x00000000
  Item #34, AP 0, Addr 0x40020C88, Value 0x00000000
  Item #35, AP 0, Addr 0x40020C8C, Value 0x00000000
  Item #36, AP 0, Addr 0x40020C90, Value 0x00000000
  Item #37, AP 0, Addr 0x40020C94, Value 0x00000000
  Item #38, AP 0, Addr 0x40020C98, Value 0x00000000
  Item #39, AP 0, Addr 0x40020C9C, Value 0x00000000
  Item #40, AP 0, Addr 0x40020CA0, Value 0x00000000
  Item #41, AP 0, Addr 0x40020CA4, Value 0x00000000
  Item #42, AP 0, Addr 0x40020CA8, Value 0x00000000
  Item #43, AP 0, Addr 0x40020CAC, Value 0x00000000
  Item #44, AP 0, Addr 0x40020CB0, Value 0x00000000
  Item #45, AP 0, Addr 0x40020CB4, Value 0x00000000
  Item #46, AP 0, Addr 0x40020CB8, Value 0x00000000
  Item #47, AP 0, Addr 0x40020CBC, Value 0x00000000
  Item #48, AP 0, Addr 0x40020CC0, Value 0x00000000
  Item #49, AP 0, Addr 0x40020CC4, Value 0x00000000
  Item #50, AP 0, Addr 0x40020CC8, Value 0x00000000
  Item #51, AP 0, Addr 0x40020CCC, Value 0x00000000
  Item #52, AP 0, Addr 0x40020CD0, Value 0x00000000
  Item #53, AP 0, Addr 0x40020CD4, Value 0x00000000
  Item #54, AP 0, Addr 0x40020CD8, Value 0x00000000
  Item #55, AP 0, Addr 0x40020CDC, Value 0x00000000
  Item #56, AP 0, Addr 0x40020CE0, Value 0x00000000
  Item #57, AP 0, Addr 0x40020CE4, Value 0x00000000
  Item #58, AP 0, Addr 0x40020CE8, Value 0x00000000
  Item #59, AP 0, Addr 0x40020CEC, Value 0x00000000
  Item #60, AP 0, Addr 0x40020CF0, Value 0x00000000
  Item #61, AP 0, Addr 0x40020CF4, Value 0x00000000
  Item #62, AP 0, Addr 0x40020CF8, Value 0x00000000
  Item #63, AP 0, Addr 0x40020CFC, Value 0x00000000
  Item #64, AP 0, Addr 0x40020D00, Value 0x00000000
  Item #65, AP 0, Addr 0x40020D04, Value 0x00000000
  Item #66, AP 0, Addr 0x40020D08, Value 0x00000000
  Item #67, AP 0, Addr 0x40020D0C, Value 0x00000000
  Item #68, AP 0, Addr 0x40020D10, Value 0x00000000
  Item #69, AP 0, Addr 0x40020D14, Value 0x00000000
  Item #70, AP 0, Addr 0x40020D18, Value 0x00000000
  Item #71, AP 0, Addr 0x40020D1C, Value 0x00000000
  Item #72, AP 0, Addr 0x40020D20, Value 0x00000000
  Item #73, AP 0, Addr 0x40020D24, Value 0x00000000
  Item #74, AP 0, Addr 0x40020D28, Value 0x00000000
  Item #75, AP 0, Addr 0x40020D2C, Value 0x00000000
  Item #76, AP 0, Addr 0x40020D30, Value 0x00000000
  Item #77, AP 0, Addr 0x40020D34, Value 0x00000000
  Item #78, AP 0, Addr 0x40020D38, Value 0x00000000
  Item #79, AP 0, Addr 0x40020D3C, Value 0x00000000
  Item #80, AP 0, Addr 0x40020D40, Value 0x00000000
  Item #81, AP 0, Addr 0x40020D44, Value 0x00000000
  Item #82, AP 0, Addr 0x40020D48, Value 0x00000000
  Item #83, AP 0, Addr 0x40020D4C, Value 0x00000000
  Item #84, AP 0, Addr 0x40020D50, Value 0x00000000
  Item #85, AP 0, Addr 0x40020D54, Value 0x00000000
  Item #86, AP 0, Addr 0x40020D58, Value 0x00000000
  Item #87, AP 0, Addr 0x40020D5C, Value 0x00000000
  Item #88, AP 0, Addr 0x40020D60, Value 0x00000000
  Item #89, AP 0, Addr 0x40020D64, Value 0x00000000
  Item #90, AP 0, Addr 0x40020D68, Value 0x00000000
  Item #91, AP 0, Addr 0x40020D6C, Value 0x00000000
  Item #92, AP 0, Addr 0x40020D70, Value 0x00000000
  Item #93, AP 0, Addr 0x40020D74, Value 0x00000000
  Item #94, AP 0, Addr 0x40020D78, Value 0x00000000
  Item #95, AP 0, Addr 0x40020D7C, Value 0x00000000
  Item #96, AP 0, Addr 0x40020D80, Value 0x00000000
  Item #97, AP 0, Addr 0x40020D84, Value 0x00000000
  Item #98, AP 0, Addr 0x40020D88, Value 0x00000000
  Item #99, AP 0, Addr 0x40020D8C, Value 0x00000000
  Item #100, AP 0, Addr 0x40020D90, Value 0x00000000
  Item #101, AP 0, Addr 0x40020D94, Value 0x00000000
  Item #102, AP 0, Addr 0x40020D98, Value 0x00000000
  Item #103, AP 0, Addr 0x40020D9C, Value 0x00000000
  Item #104, AP 0, Addr 0x40020DA0, Value 0x00000000
  Item #105, AP 0, Addr 0x40020DA4, Value 0x00000000
  Item #106, AP 0, Addr 0x40020DA8, Value 0x00000000
  Item #107, AP 0, Addr 0x40020DAC, Value 0x00000000
  Item #108, AP 0, Addr 0x40020DB0, Value 0x00000000
  Item #109, AP 0, Addr 0x40020DB4, Value 0x00000000
  Item #110, AP 0, Addr 0x40020DB8, Value 0x00000000
  Item #111, AP 0, Addr 0x40020DBC, Value 0x00000000
  Item #112, AP 0, Addr 0x40020DC0, Value 0x00000000
  Item #113, AP 0, Addr 0x40020DC4, Value 0x00000000
  Item #114, AP 0, Addr 0x40020DC8, Value 0x00000000
  Item #115, AP 0, Addr 0x40020DCC, Value 0x00000000
  Item #116, AP 0, Addr 0x40020DD0, Value 0x00000000
  Item #117, AP 0, Addr 0x40020DD4, Value 0x00000000
  Item #118, AP 0, Addr 0x40020DD8, Value 0x00000000
  Item #119, AP 0, Addr 0x40020DDC, Value 0x00000000
  Item #120, AP 0, Addr 0x40020DE0, Value 0x00000000
  Item #121, AP 0, Addr 0x40020DE4, Value 0x00000000
  Item #122, AP 0, Addr 0x40020DE8, Value 0x00000000
  Item #123, AP 0, Addr 0x40020DEC, Value 0x00000000
  Item #124, AP 0, Addr 0x40020DF0, Value 0x00000000
  Item #125, AP 0, Addr 0x40020DF4, Value 0x00000000
  Item #126, AP 0, Addr 0x40020DF8, Value 0x00000000
  Item #127, AP 0, Addr 0x40020DFC, Value 0x00000000
  Item #128, AP 0, Addr 0x40020E00, Value 0x00000000
  Item #129, AP 0, Addr 0x40020E04, Value 0x00000000
  Item #130, AP 0, Addr 0x40020E08, Value 0x00000000
  Item #131, AP 0, Addr 0x40020E0C, Value 0x00000000
  Item #132, AP 0, Addr 0x40020E10, Value 0x00000000
  Item #133, AP 0, Addr 0x40020E14, Value 0x00000000
  Item #134, AP 0, Addr 0x40020E18, Value 0x00000000
  Item #135, AP 0, Addr 0x40020E1C, Value 0x00000000
  Item #136, AP 0, Addr 0x40020E20, Value 0x00000000
  Item #137, AP 0, Addr 0x40020E24, Value 0x00000000
  Item #138, AP 0, Addr 0x40020E28, Value 0x00000000
  Item #139, AP 0, Addr 0x40020E2C, Value 0x00000000
  Item #140, AP 0, Addr 0x40020E30, Value 0x00000000
  Item #141, AP 0, Addr 0x40020E34, Value 0x00000000
  Item #142, AP 0, Addr 0x40020E38, Value 0x00000000
  Item #143, AP 0, Addr 0x40020E3C, Value 0x00000000
23:29:00:645 (14/05/2023) - READ  MEM BLOCK Access, AP 0x00000000, Start Addr 0x40023800, End Addr 0x40023817, "DAP Read Memory Block (32-bit accesses) - Success" - ID 190
  Item #0, AP 0, Addr 0x40023800, Value 0x03007483
  Item #1, AP 0, Addr 0x40023804, Value 0x2A007810
  Item #2, AP 0, Addr 0x40023808, Value 0x0000940A
  Item #3, AP 0, Addr 0x4002380C, Value 0x00000000
  Item #4, AP 0, Addr 0x40023810, Value 0x00000000
  Item #5, AP 0, Addr 0x40023814, Value 0x00000000
23:29:00:651 (14/05/2023) - READ  MEM BLOCK Access, AP 0x00000000, Start Addr 0x40023818, End Addr 0x4002381B, "DAP Read Memory Block (32-bit accesses) - Success" - ID 191
  Item #0, AP 0, Addr 0x40023818, Value 0x00000000
23:29:00:656 (14/05/2023) - READ  MEM BLOCK Access, AP 0x00000000, Start Addr 0x40023820, End Addr 0x40023823, "DAP Read Memory Block (32-bit accesses) - Success" - ID 192
  Item #0, AP 0, Addr 0x40023820, Value 0x00000000
23:29:00:663 (14/05/2023) - READ  MEM BLOCK Access, AP 0x00000000, Start Addr 0x40023824, End Addr 0x40023827, "DAP Read Memory Block (32-bit accesses) - Success" - ID 193
  Item #0, AP 0, Addr 0x40023824, Value 0x00000000
23:29:00:668 (14/05/2023) - READ  MEM BLOCK Access, AP 0x00000000, Start Addr 0x40023830, End Addr 0x40023837, "DAP Read Memory Block (32-bit accesses) - Success" - ID 194
  Item #0, AP 0, Addr 0x40023830, Value 0x00100000
  Item #1, AP 0, Addr 0x40023834, Value 0x00000000
23:29:00:674 (14/05/2023) - READ  MEM BLOCK Access, AP 0x00000000, Start Addr 0x40023838, End Addr 0x4002383B, "DAP Read Memory Block (32-bit accesses) - Success" - ID 195
  Item #0, AP 0, Addr 0x40023838, Value 0x00000000
23:29:00:680 (14/05/2023) - READ  MEM BLOCK Access, AP 0x00000000, Start Addr 0x40023840, End Addr 0x40023843, "DAP Read Memory Block (32-bit accesses) - Success" - ID 196
  Item #0, AP 0, Addr 0x40023840, Value 0x10000000
23:29:00:687 (14/05/2023) - READ  MEM BLOCK Access, AP 0x00000000, Start Addr 0x40023844, End Addr 0x40023847, "DAP Read Memory Block (32-bit accesses) - Success" - ID 197
  Item #0, AP 0, Addr 0x40023844, Value 0x00000000
23:29:00:693 (14/05/2023) - READ  MEM BLOCK Access, AP 0x00000000, Start Addr 0x40023850, End Addr 0x40023857, "DAP Read Memory Block (32-bit accesses) - Success" - ID 198
  Item #0, AP 0, Addr 0x40023850, Value 0x7EEF91FF
  Item #1, AP 0, Addr 0x40023854, Value 0x000000C1
23:29:00:699 (14/05/2023) - READ  MEM BLOCK Access, AP 0x00000000, Start Addr 0x40023858, End Addr 0x4002385B, "DAP Read Memory Block (32-bit accesses) - Success" - ID 199
  Item #0, AP 0, Addr 0x40023858, Value 0x00000001
23:29:00:705 (14/05/2023) - READ  MEM BLOCK Access, AP 0x00000000, Start Addr 0x40023860, End Addr 0x40023863, "DAP Read Memory Block (32-bit accesses) - Success" - ID 200
  Item #0, AP 0, Addr 0x40023860, Value 0xF6FEC9FF
23:29:00:711 (14/05/2023) - READ  MEM BLOCK Access, AP 0x00000000, Start Addr 0x40023864, End Addr 0x40023867, "DAP Read Memory Block (32-bit accesses) - Success" - ID 201
  Item #0, AP 0, Addr 0x40023864, Value 0x04777F33
23:29:00:717 (14/05/2023) - READ  MEM BLOCK Access, AP 0x00000000, Start Addr 0x40023870, End Addr 0x40023873, "DAP Read Memory Block (32-bit accesses) - Success" - ID 202
  Item #0, AP 0, Addr 0x40023870, Value 0x00000000
23:29:00:723 (14/05/2023) - READ  MEM BLOCK Access, AP 0x00000000, Start Addr 0x40023874, End Addr 0x40023877, "DAP Read Memory Block (32-bit accesses) - Success" - ID 203
  Item #0, AP 0, Addr 0x40023874, Value 0x1E000000
23:29:00:729 (14/05/2023) - READ  MEM BLOCK Access, AP 0x00000000, Start Addr 0x40023880, End Addr 0x4002388B, "DAP Read Memory Block (32-bit accesses) - Success" - ID 204
  Item #0, AP 0, Addr 0x40023880, Value 0x00000000
  Item #1, AP 0, Addr 0x40023884, Value 0x24003000
  Item #2, AP 0, Addr 0x40023888, Value 0x24003000
23:29:00:734 (14/05/2023) - READ  MEM BLOCK Access, AP 0x00000000, Start Addr 0x4002388C, End Addr 0x4002388F, "DAP Read Memory Block (32-bit accesses) - Success" - ID 205
  Item #0, AP 0, Addr 0x4002388C, Value 0x00000000
23:29:00:741 (14/05/2023) - READ  MEM BLOCK Access, AP 0x00000000, Start Addr 0x400238C0, End Addr 0x400238C3, "DAP Read Memory Block (32-bit accesses) - Success" - ID 206
  Item #0, AP 0, Addr 0x400238C0, Value 0x76000000
23:29:00:747 (14/05/2023) - READ  MEM BLOCK Access, AP 0x00000000, Start Addr 0x400238CC, End Addr 0x400238CF, "DAP Read Memory Block (32-bit accesses) - Success" - ID 207
  Item #0, AP 0, Addr 0x400238CC, Value 0x00000000
23:29:00:753 (14/05/2023) - READ  MEM BLOCK Access, AP 0x00000000, Start Addr 0x400238E0, End Addr 0x400238E7, "DAP Read Memory Block (32-bit accesses) - Success" - ID 208
  Item #0, AP 0, Addr 0x400238E0, Value 0x00000000
  Item #1, AP 0, Addr 0x400238E4, Value 0x00000000
23:29:00:759 (14/05/2023) - READ  MEM BLOCK Access, AP 0x00000000, Start Addr 0x400238E8, End Addr 0x400238EB, "DAP Read Memory Block (32-bit accesses) - Success" - ID 209
  Item #0, AP 0, Addr 0x400238E8, Value 0x88000000
23:29:00:765 (14/05/2023) - READ  MEM BLOCK Access, AP 0x00000000, Start Addr 0x40023934, End Addr 0x40023937, "DAP Read Memory Block (32-bit accesses) - Success" - ID 210
  Item #0, AP 0, Addr 0x40023934, Value 0x00000000
23:29:00:778 (14/05/2023) - READ  MEM BLOCK Access, AP 0x00000000, Start Addr 0x40020C00, End Addr 0x40020C13, "DAP Read Memory Block (32-bit accesses) - Success" - ID 211
  Item #0, AP 0, Addr 0x40020C00, Value 0x00000000
  Item #1, AP 0, Addr 0x40020C04, Value 0x00000000
  Item #2, AP 0, Addr 0x40020C08, Value 0x00000000
  Item #3, AP 0, Addr 0x40020C0C, Value 0x00000000
  Item #4, AP 0, Addr 0x40020C10, Value 0x00000000
23:29:00:784 (14/05/2023) - READ  MEM BLOCK Access, AP 0x00000000, Start Addr 0x40020C14, End Addr 0x40020C17, "DAP Read Memory Block (32-bit accesses) - Success" - ID 212
  Item #0, AP 0, Addr 0x40020C14, Value 0x00000000
23:29:00:791 (14/05/2023) - READ  MEM Access, AP 0x00000000, Addr 0xE000EDF0, Val 0x00030003, "DAP Read Memory (32 bit) - Success" - ID 213
23:29:00:798 (14/05/2023) - READ  MEM BLOCK Access, AP 0x00000000, Start Addr 0x40020C24, End Addr 0x40020C27, "DAP Read Memory Block (32-bit accesses) - Success" - ID 214
  Item #0, AP 0, Addr 0x40020C24, Value 0x00000000
23:29:00:817 (14/05/2023) - READ  MEM BLOCK Access, AP 0x00000000, Start Addr 0x08000290, End Addr 0x080002CB, "DAP Read Memory Block - Success" - ID 215
  Item #0, AP 0, Addr 0x08000290, Value 0x0108F643
  Item #1, AP 0, Addr 0x08000294, Value 0x0102F2C4
  Item #2, AP 0, Addr 0x08000298, Value 0xF0406808
  Item #3, AP 0, Addr 0x0800029C, Value 0x60080090
  Item #4, AP 0, Addr 0x080002A0, Value 0x90012000
  Item #5, AP 0, Addr 0x080002A4, Value 0x9801E7FF
  Item #6, AP 0, Addr 0x080002A8, Value 0xD805284F
  Item #7, AP 0, Addr 0x080002AC, Value 0xE7FFE7FF
  Item #8, AP 0, Addr 0x080002B0, Value 0x30019801
  Item #9, AP 0, Addr 0x080002B4, Value 0xE7F69001
  Item #10, AP 0, Addr 0x080002B8, Value 0xF643E7FF
  Item #11, AP 0, Addr 0x080002BC, Value 0xF2C40108
  Item #12, AP 0, Addr 0x080002C0, Value 0x68080102
  Item #13, AP 0, Addr 0x080002C4, Value 0x0003F020
  Item #14, AP 0, Addr 0x080002C8, Value 0xF6436008
23:29:00:825 (14/05/2023) - READ  MEM BLOCK Access, AP 0x00000000, Start Addr 0x080002CC, End Addr 0x08000307, "DAP Read Memory Block - Success" - ID 216
  Item #0, AP 0, Addr 0x080002CC, Value 0xF2C40200
  Item #1, AP 0, Addr 0x080002D0, Value 0x68100202
  Item #2, AP 0, Addr 0x080002D4, Value 0x73FFF64F
  Item #3, AP 0, Addr 0x080002D8, Value 0x63F6F6CF
  Item #4, AP 0, Addr 0x080002DC, Value 0x60104018
  Item #5, AP 0, Addr 0x080002E0, Value 0xF4206810
  Item #6, AP 0, Addr 0x080002E4, Value 0x60102080
  Item #7, AP 0, Addr 0x080002E8, Value 0x60082000
  Item #8, AP 0, Addr 0x080002EC, Value 0xF643E7FF
  Item #9, AP 0, Addr 0x080002F0, Value 0xF2C40008
  Item #10, AP 0, Addr 0x080002F4, Value 0x68000002
  Item #11, AP 0, Addr 0x080002F8, Value 0xB9082001
  Item #12, AP 0, Addr 0x080002FC, Value 0xE7F6E7FF
  Item #13, AP 0, Addr 0x08000300, Value 0x0104F643
  Item #14, AP 0, Addr 0x08000304, Value 0x0102F2C4
23:29:00:833 (14/05/2023) - READ  MEM BLOCK Access, AP 0x00000000, Start Addr 0x08000308, End Addr 0x08000343, "DAP Read Memory Block - Success" - ID 217
  Item #0, AP 0, Addr 0x08000308, Value 0x0010F243
  Item #1, AP 0, Addr 0x0800030C, Value 0x4000F2C2
  Item #2, AP 0, Addr 0x08000310, Value 0xF6436008
  Item #3, AP 0, Addr 0x08000314, Value 0xF2C4010C
  Item #4, AP 0, Addr 0x08000318, Value 0x20000102
  Item #5, AP 0, Addr 0x0800031C, Value 0xF0006008
  Item #6, AP 0, Addr 0x08000320, Value 0xB002F8ED
  Item #7, AP 0, Addr 0x08000324, Value 0x0000BD80
  Item #8, AP 0, Addr 0x08000328, Value 0xE7FEE7FF
  Item #9, AP 0, Addr 0x0800032C, Value 0x0000F240
  Item #10, AP 0, Addr 0x08000330, Value 0x0000F2C2
  Item #11, AP 0, Addr 0x08000334, Value 0xB1406800
  Item #12, AP 0, Addr 0x08000338, Value 0xF240E7FF
  Item #13, AP 0, Addr 0x0800033C, Value 0xF2C20100
  Item #14, AP 0, Addr 0x08000340, Value 0x68080100
23:29:00:840 (14/05/2023) - READ  MEM BLOCK Access, AP 0x00000000, Start Addr 0x08000344, End Addr 0x0800037F, "DAP Read Memory Block - Success" - ID 218
  Item #0, AP 0, Addr 0x08000344, Value 0x60083801
  Item #1, AP 0, Addr 0x08000348, Value 0x4770E7FF
  Item #2, AP 0, Addr 0x0800034C, Value 0x0130F643
  Item #3, AP 0, Addr 0x08000350, Value 0x0102F2C4
  Item #4, AP 0, Addr 0x08000354, Value 0xF0406808
  Item #5, AP 0, Addr 0x08000358, Value 0x60080008
  Item #6, AP 0, Addr 0x0800035C, Value 0x4100F640
  Item #7, AP 0, Addr 0x08000360, Value 0x0102F2C4
  Item #8, AP 0, Addr 0x08000364, Value 0xF4206808
  Item #9, AP 0, Addr 0x08000368, Value 0x60084040
  Item #10, AP 0, Addr 0x0800036C, Value 0xF4406808
  Item #11, AP 0, Addr 0x08000370, Value 0x60084080
  Item #12, AP 0, Addr 0x08000374, Value 0x410CF640
  Item #13, AP 0, Addr 0x08000378, Value 0x0102F2C4
  Item #14, AP 0, Addr 0x0800037C, Value 0xF4206808
23:29:00:849 (14/05/2023) - READ  MEM BLOCK Access, AP 0x00000000, Start Addr 0x08000380, End Addr 0x080003BB, "DAP Read Memory Block - Success" - ID 219
  Item #0, AP 0, Addr 0x08000380, Value 0x60084040
  Item #1, AP 0, Addr 0x08000384, Value 0xF4406808
  Item #2, AP 0, Addr 0x08000388, Value 0x60082080
  Item #3, AP 0, Addr 0x0800038C, Value 0x00004770
  Item #4, AP 0, Addr 0x08000390, Value 0xB082B580
  Item #5, AP 0, Addr 0x08000394, Value 0x90012000
  Item #6, AP 0, Addr 0x08000398, Value 0xFFD8F7FF
  Item #7, AP 0, Addr 0x0800039C, Value 0xE7FEE7FF
  Item #8, AP 0, Addr 0x080003A0, Value 0x2000B083
  Item #9, AP 0, Addr 0x080003A4, Value 0x90019002
  Item #10, AP 0, Addr 0x080003A8, Value 0x0100F643
  Item #11, AP 0, Addr 0x080003AC, Value 0x0102F2C4
  Item #12, AP 0, Addr 0x080003B0, Value 0xF0406808
  Item #13, AP 0, Addr 0x080003B4, Value 0x60080001
  Item #14, AP 0, Addr 0x080003B8, Value 0x9802E7FF
23:29:01:055 (14/05/2023) - READ  MEM Access, AP 0x00000000, Addr 0xE000EDF0, Val 0x00030003, "DAP Read Memory (32 bit) - Success" - ID 220
23:29:01:321 (14/05/2023) - READ  MEM Access, AP 0x00000000, Addr 0xE000EDF0, Val 0x00030003, "DAP Read Memory (32 bit) - Success" - ID 221
23:29:01:586 (14/05/2023) - READ  MEM Access, AP 0x00000000, Addr 0xE000EDF0, Val 0x00030003, "DAP Read Memory (32 bit) - Success" - ID 222
23:29:01:849 (14/05/2023) - READ  MEM Access, AP 0x00000000, Addr 0xE000EDF0, Val 0x00030003, "DAP Read Memory (32 bit) - Success" - ID 223
23:29:02:113 (14/05/2023) - READ  MEM Access, AP 0x00000000, Addr 0xE000EDF0, Val 0x00030003, "DAP Read Memory (32 bit) - Success" - ID 224
23:29:02:379 (14/05/2023) - READ  MEM Access, AP 0x00000000, Addr 0xE000EDF0, Val 0x00030003, "DAP Read Memory (32 bit) - Success" - ID 225
23:29:02:644 (14/05/2023) - READ  MEM Access, AP 0x00000000, Addr 0xE000EDF0, Val 0x00030003, "DAP Read Memory (32 bit) - Success" - ID 226
23:29:02:907 (14/05/2023) - READ  MEM Access, AP 0x00000000, Addr 0xE000EDF0, Val 0x00030003, "DAP Read Memory (32 bit) - Success" - ID 227
23:29:03:174 (14/05/2023) - READ  MEM Access, AP 0x00000000, Addr 0xE000EDF0, Val 0x00030003, "DAP Read Memory (32 bit) - Success" - ID 228
23:29:03:439 (14/05/2023) - READ  MEM Access, AP 0x00000000, Addr 0xE000EDF0, Val 0x00030003, "DAP Read Memory (32 bit) - Success" - ID 229
23:29:03:704 (14/05/2023) - READ  MEM Access, AP 0x00000000, Addr 0xE000EDF0, Val 0x00030003, "DAP Read Memory (32 bit) - Success" - ID 230
23:29:03:759 (14/05/2023) - READ  MEM Access, AP 0x00000000, Addr 0xE000EDF0, Val 0x00030003, "DAP Read Memory (32 bit) - Success" - ID 231
23:29:04:015 (14/05/2023) - READ  MEM Access, AP 0x00000000, Addr 0xE000EDF0, Val 0x00030003, "DAP Read Memory (32 bit) - Success" - ID 232
23:29:04:280 (14/05/2023) - READ  MEM Access, AP 0x00000000, Addr 0xE000EDF0, Val 0x00030003, "DAP Read Memory (32 bit) - Success" - ID 233
23:29:04:289 (14/05/2023) - WRITE MEM BLOCK Access, AP 0x00000000, Start Addr 0xE0002000, End Addr 0xE000201F, "DAP Write Memory Block - Success" - ID 234
  Item #0, AP 0, Addr 0xE0002000, Value 0x00000002
  Item #1, AP 0, Addr 0xE0002004, Value 0x00000000
  Item #2, AP 0, Addr 0xE0002008, Value 0x00000000
  Item #3, AP 0, Addr 0xE000200C, Value 0x00000000
  Item #4, AP 0, Addr 0xE0002010, Value 0x00000000
  Item #5, AP 0, Addr 0xE0002014, Value 0x00000000
  Item #6, AP 0, Addr 0xE0002018, Value 0x00000000
  Item #7, AP 0, Addr 0xE000201C, Value 0x00000000
23:29:04:291 (14/05/2023) - WRITE MEM Access, AP 0x00000000, Addr 0xE000EDF0, Val 0xA05F0000, "DAP Write Memory (32 bit) - Success" - ID 235
23:29:04:293 (14/05/2023) - WRITE MEM Access, AP 0x00000000, Addr 0xE000EDFC, Val 0x00000000, "DAP Write Memory (32 bit) - Success" - ID 236
23:29:04:296 (14/05/2023) - WRITE DP  Access, Addr 0x00000004, Val 0x00000000, "DAP Write DP - Success" - ID 237
